<?xml version="1.0" encoding="UTF-8"?>
<robot generator="Robot 6.0.2 (Python 3.10.7 on win32)" generated="20230704 14:27:28.999" rpa="false" schemaversion="3">
<suite id="s1" name="TestCases" source="C:\koodi\Github\RFWithAzureDevops\RF-exercise-with-azure-pipelines\TestCases.robot">
<kw name="Open URL Locally" type="SETUP">
<kw name="Create Webdriver" library="SeleniumLibrary">
<arg>Chrome</arg>
<doc>Creates an instance of Selenium WebDriver.</doc>
<msg timestamp="20230704 14:27:29.136" level="INFO">Creating an instance of the Chrome WebDriver.</msg>
<status status="PASS" starttime="20230704 14:27:29.136" endtime="20230704 14:27:30.249"/>
</kw>
<kw name="Maximize Browser Window" library="SeleniumLibrary">
<doc>Maximizes current browser window.</doc>
<status status="PASS" starttime="20230704 14:27:30.250" endtime="20230704 14:27:30.355"/>
</kw>
<status status="PASS" starttime="20230704 14:27:29.136" endtime="20230704 14:27:30.356"/>
</kw>
<test id="s1-t1" name="TC1 - Check Filters on Advanced Searh Page" line="12">
<kw name="Given Open URL AutoHero">
<kw name="Go To" library="SeleniumLibrary">
<arg>https://www.autohero.com/</arg>
<doc>Navigates the current browser window to the provided ``url``.</doc>
<msg timestamp="20230704 14:27:30.357" level="INFO">Opening url 'https://www.autohero.com/'</msg>
<status status="PASS" starttime="20230704 14:27:30.357" endtime="20230704 14:27:31.640"/>
</kw>
<status status="PASS" starttime="20230704 14:27:30.356" endtime="20230704 14:27:31.640"/>
</kw>
<kw name="And User Accepts Cookies">
<kw name="Sleep" library="BuiltIn">
<arg>2s</arg>
<doc>Pauses the test executed for the given time.</doc>
<msg timestamp="20230704 14:27:33.641" level="INFO">Slept 2 seconds</msg>
<status status="PASS" starttime="20230704 14:27:31.640" endtime="20230704 14:27:33.641"/>
</kw>
<kw name="Click Element" library="SeleniumLibrary">
<arg>//button[contains(text(),'Alles akzeptieren')]</arg>
<doc>Click the element identified by ``locator``.</doc>
<msg timestamp="20230704 14:27:33.641" level="INFO">Clicking element '//button[contains(text(),'Alles akzeptieren')]'.</msg>
<status status="PASS" starttime="20230704 14:27:33.641" endtime="20230704 14:27:33.760"/>
</kw>
<status status="PASS" starttime="20230704 14:27:31.640" endtime="20230704 14:27:33.760"/>
</kw>
<kw name="And User is on Advanced Search Page">
<kw name="Sleep" library="BuiltIn">
<arg>2s</arg>
<doc>Pauses the test executed for the given time.</doc>
<msg timestamp="20230704 14:27:35.761" level="INFO">Slept 2 seconds</msg>
<status status="PASS" starttime="20230704 14:27:33.761" endtime="20230704 14:27:35.761"/>
</kw>
<kw name="Click Element" library="SeleniumLibrary">
<arg>//a[contains(text(),'Finde dein Auto')]</arg>
<doc>Click the element identified by ``locator``.</doc>
<msg timestamp="20230704 14:27:35.762" level="INFO">Clicking element '//a[contains(text(),'Finde dein Auto')]'.</msg>
<status status="PASS" starttime="20230704 14:27:35.761" endtime="20230704 14:27:36.765"/>
</kw>
<kw name="Wait Until Element Is Visible" library="SeleniumLibrary">
<arg>//button[@id='yearFilter']</arg>
<doc>Waits until the element ``locator`` is visible.</doc>
<status status="PASS" starttime="20230704 14:27:36.766" endtime="20230704 14:27:36.786"/>
</kw>
<status status="PASS" starttime="20230704 14:27:33.760" endtime="20230704 14:27:36.786"/>
</kw>
<kw name="When User Select Filter for First registration">
<kw name="Click Element" library="SeleniumLibrary">
<arg>//button[@id='yearFilter']</arg>
<doc>Click the element identified by ``locator``.</doc>
<msg timestamp="20230704 14:27:36.787" level="INFO">Clicking element '//button[@id='yearFilter']'.</msg>
<status status="PASS" starttime="20230704 14:27:36.787" endtime="20230704 14:27:36.824"/>
</kw>
<kw name="Sleep" library="BuiltIn">
<arg>2s</arg>
<doc>Pauses the test executed for the given time.</doc>
<msg timestamp="20230704 14:27:38.825" level="INFO">Slept 2 seconds</msg>
<status status="PASS" starttime="20230704 14:27:36.825" endtime="20230704 14:27:38.825"/>
</kw>
<kw name="Click Element" library="SeleniumLibrary">
<arg>//select[@id='rangeStart']/*[text()='2014']</arg>
<doc>Click the element identified by ``locator``.</doc>
<msg timestamp="20230704 14:27:38.826" level="INFO">Clicking element '//select[@id='rangeStart']/*[text()='2014']'.</msg>
<status status="PASS" starttime="20230704 14:27:38.825" endtime="20230704 14:27:38.928"/>
</kw>
<kw name="Sleep" library="BuiltIn">
<arg>3s</arg>
<doc>Pauses the test executed for the given time.</doc>
<msg timestamp="20230704 14:27:41.930" level="INFO">Slept 3 seconds</msg>
<status status="PASS" starttime="20230704 14:27:38.928" endtime="20230704 14:27:41.930"/>
</kw>
<status status="PASS" starttime="20230704 14:27:36.786" endtime="20230704 14:27:41.930"/>
</kw>
<kw name="Then Verify all cars are filtered by First Registration">
<kw name="Sleep" library="BuiltIn">
<arg>3s</arg>
<doc>Pauses the test executed for the given time.</doc>
<msg timestamp="20230704 14:27:44.933" level="INFO">Slept 3 seconds</msg>
<status status="PASS" starttime="20230704 14:27:41.931" endtime="20230704 14:27:44.933"/>
</kw>
<kw name="Get WebElements" library="SeleniumLibrary">
<var>@{locators}</var>
<arg>//*[contains(@class,'specItem___')][1]</arg>
<doc>Returns a list of WebElement objects matching the ``locator``.</doc>
<msg timestamp="20230704 14:27:44.943" level="INFO">@{locators} = [ &lt;selenium.webdriver.remote.webelement.WebElement (session="40e6d0124b0e966db8bb690f250003bd", element="B71142769EECE51CD6DBD2EEA9F109B8_element_253")&gt; | &lt;selenium.webdriver.remote.webelement.WebElem...</msg>
<status status="PASS" starttime="20230704 14:27:44.933" endtime="20230704 14:27:44.943"/>
</kw>
<kw name="Create List" library="BuiltIn">
<var>@{result}</var>
<doc>Returns a list containing given items.</doc>
<msg timestamp="20230704 14:27:44.943" level="INFO">@{result} = [ ]</msg>
<status status="PASS" starttime="20230704 14:27:44.943" endtime="20230704 14:27:44.943"/>
</kw>
<for flavor="IN">
<var>${locator}</var>
<value>@{locators}</value>
<iter>
<var name="${locator}">&lt;selenium.webdriver.remote.webelement.WebElement (session="40e6d0124b0e966db8bb690f250003bd", element="B71142769EECE51CD6DBD2EEA9F109B8_element_253")&gt;</var>
<kw name="Get Text" library="SeleniumLibrary">
<var>${name}</var>
<arg>${locator}</arg>
<doc>Returns the text value of the element identified by ``locator``.</doc>
<msg timestamp="20230704 14:27:44.952" level="INFO">${name} = 2015</msg>
<status status="PASS" starttime="20230704 14:27:44.943" endtime="20230704 14:27:44.952"/>
</kw>
<kw name="Get Regexp Matches" library="String">
<var>${matches}</var>
<arg>${name}</arg>
<arg>\\d{4}</arg>
<doc>Returns a list of all non-overlapping matches in the given string.</doc>
<msg timestamp="20230704 14:27:44.952" level="INFO">${matches} = ['2015']</msg>
<status status="PASS" starttime="20230704 14:27:44.952" endtime="20230704 14:27:44.952"/>
</kw>
<kw name="Append To List" library="Collections">
<arg>${result}</arg>
<arg>${matches}</arg>
<doc>Adds ``values`` to the end of ``list``.</doc>
<status status="PASS" starttime="20230704 14:27:44.952" endtime="20230704 14:27:44.952"/>
</kw>
<kw name="Evaluate" library="BuiltIn">
<var>${flat}</var>
<arg>[item for sublist in ${result} for item in (sublist if isinstance(sublist, list) else [sublist])]</arg>
<doc>Evaluates the given expression in Python and returns the result.</doc>
<msg timestamp="20230704 14:27:44.953" level="INFO">${flat} = ['2015']</msg>
<status status="PASS" starttime="20230704 14:27:44.952" endtime="20230704 14:27:44.953"/>
</kw>
<status status="PASS" starttime="20230704 14:27:44.943" endtime="20230704 14:27:44.953"/>
</iter>
<iter>
<var name="${locator}">&lt;selenium.webdriver.remote.webelement.WebElement (session="40e6d0124b0e966db8bb690f250003bd", element="B71142769EECE51CD6DBD2EEA9F109B8_element_254")&gt;</var>
<kw name="Get Text" library="SeleniumLibrary">
<var>${name}</var>
<arg>${locator}</arg>
<doc>Returns the text value of the element identified by ``locator``.</doc>
<msg timestamp="20230704 14:27:44.958" level="INFO">${name} = Automatik</msg>
<status status="PASS" starttime="20230704 14:27:44.953" endtime="20230704 14:27:44.958"/>
</kw>
<kw name="Get Regexp Matches" library="String">
<var>${matches}</var>
<arg>${name}</arg>
<arg>\\d{4}</arg>
<doc>Returns a list of all non-overlapping matches in the given string.</doc>
<msg timestamp="20230704 14:27:44.958" level="INFO">${matches} = []</msg>
<status status="PASS" starttime="20230704 14:27:44.958" endtime="20230704 14:27:44.958"/>
</kw>
<kw name="Append To List" library="Collections">
<arg>${result}</arg>
<arg>${matches}</arg>
<doc>Adds ``values`` to the end of ``list``.</doc>
<status status="PASS" starttime="20230704 14:27:44.958" endtime="20230704 14:27:44.958"/>
</kw>
<kw name="Evaluate" library="BuiltIn">
<var>${flat}</var>
<arg>[item for sublist in ${result} for item in (sublist if isinstance(sublist, list) else [sublist])]</arg>
<doc>Evaluates the given expression in Python and returns the result.</doc>
<msg timestamp="20230704 14:27:44.959" level="INFO">${flat} = ['2015']</msg>
<status status="PASS" starttime="20230704 14:27:44.959" endtime="20230704 14:27:44.959"/>
</kw>
<status status="PASS" starttime="20230704 14:27:44.953" endtime="20230704 14:27:44.959"/>
</iter>
<iter>
<var name="${locator}">&lt;selenium.webdriver.remote.webelement.WebElement (session="40e6d0124b0e966db8bb690f250003bd", element="B71142769EECE51CD6DBD2EEA9F109B8_element_255")&gt;</var>
<kw name="Get Text" library="SeleniumLibrary">
<var>${name}</var>
<arg>${locator}</arg>
<doc>Returns the text value of the element identified by ``locator``.</doc>
<msg timestamp="20230704 14:27:44.963" level="INFO">${name} = 126 g CO2/km (komb.)</msg>
<status status="PASS" starttime="20230704 14:27:44.959" endtime="20230704 14:27:44.963"/>
</kw>
<kw name="Get Regexp Matches" library="String">
<var>${matches}</var>
<arg>${name}</arg>
<arg>\\d{4}</arg>
<doc>Returns a list of all non-overlapping matches in the given string.</doc>
<msg timestamp="20230704 14:27:44.963" level="INFO">${matches} = []</msg>
<status status="PASS" starttime="20230704 14:27:44.963" endtime="20230704 14:27:44.963"/>
</kw>
<kw name="Append To List" library="Collections">
<arg>${result}</arg>
<arg>${matches}</arg>
<doc>Adds ``values`` to the end of ``list``.</doc>
<status status="PASS" starttime="20230704 14:27:44.963" endtime="20230704 14:27:44.963"/>
</kw>
<kw name="Evaluate" library="BuiltIn">
<var>${flat}</var>
<arg>[item for sublist in ${result} for item in (sublist if isinstance(sublist, list) else [sublist])]</arg>
<doc>Evaluates the given expression in Python and returns the result.</doc>
<msg timestamp="20230704 14:27:44.964" level="INFO">${flat} = ['2015']</msg>
<status status="PASS" starttime="20230704 14:27:44.963" endtime="20230704 14:27:44.964"/>
</kw>
<status status="PASS" starttime="20230704 14:27:44.959" endtime="20230704 14:27:44.964"/>
</iter>
<iter>
<var name="${locator}">&lt;selenium.webdriver.remote.webelement.WebElement (session="40e6d0124b0e966db8bb690f250003bd", element="B71142769EECE51CD6DBD2EEA9F109B8_element_256")&gt;</var>
<kw name="Get Text" library="SeleniumLibrary">
<var>${name}</var>
<arg>${locator}</arg>
<doc>Returns the text value of the element identified by ``locator``.</doc>
<msg timestamp="20230704 14:27:44.967" level="INFO">${name} = 2015</msg>
<status status="PASS" starttime="20230704 14:27:44.964" endtime="20230704 14:27:44.967"/>
</kw>
<kw name="Get Regexp Matches" library="String">
<var>${matches}</var>
<arg>${name}</arg>
<arg>\\d{4}</arg>
<doc>Returns a list of all non-overlapping matches in the given string.</doc>
<msg timestamp="20230704 14:27:44.968" level="INFO">${matches} = ['2015']</msg>
<status status="PASS" starttime="20230704 14:27:44.967" endtime="20230704 14:27:44.968"/>
</kw>
<kw name="Append To List" library="Collections">
<arg>${result}</arg>
<arg>${matches}</arg>
<doc>Adds ``values`` to the end of ``list``.</doc>
<status status="PASS" starttime="20230704 14:27:44.968" endtime="20230704 14:27:44.968"/>
</kw>
<kw name="Evaluate" library="BuiltIn">
<var>${flat}</var>
<arg>[item for sublist in ${result} for item in (sublist if isinstance(sublist, list) else [sublist])]</arg>
<doc>Evaluates the given expression in Python and returns the result.</doc>
<msg timestamp="20230704 14:27:44.968" level="INFO">${flat} = ['2015', '2015']</msg>
<status status="PASS" starttime="20230704 14:27:44.968" endtime="20230704 14:27:44.968"/>
</kw>
<status status="PASS" starttime="20230704 14:27:44.964" endtime="20230704 14:27:44.968"/>
</iter>
<iter>
<var name="${locator}">&lt;selenium.webdriver.remote.webelement.WebElement (session="40e6d0124b0e966db8bb690f250003bd", element="B71142769EECE51CD6DBD2EEA9F109B8_element_257")&gt;</var>
<kw name="Get Text" library="SeleniumLibrary">
<var>${name}</var>
<arg>${locator}</arg>
<doc>Returns the text value of the element identified by ``locator``.</doc>
<msg timestamp="20230704 14:27:44.973" level="INFO">${name} = Schaltgetriebe</msg>
<status status="PASS" starttime="20230704 14:27:44.968" endtime="20230704 14:27:44.973"/>
</kw>
<kw name="Get Regexp Matches" library="String">
<var>${matches}</var>
<arg>${name}</arg>
<arg>\\d{4}</arg>
<doc>Returns a list of all non-overlapping matches in the given string.</doc>
<msg timestamp="20230704 14:27:44.973" level="INFO">${matches} = []</msg>
<status status="PASS" starttime="20230704 14:27:44.973" endtime="20230704 14:27:44.973"/>
</kw>
<kw name="Append To List" library="Collections">
<arg>${result}</arg>
<arg>${matches}</arg>
<doc>Adds ``values`` to the end of ``list``.</doc>
<status status="PASS" starttime="20230704 14:27:44.973" endtime="20230704 14:27:44.973"/>
</kw>
<kw name="Evaluate" library="BuiltIn">
<var>${flat}</var>
<arg>[item for sublist in ${result} for item in (sublist if isinstance(sublist, list) else [sublist])]</arg>
<doc>Evaluates the given expression in Python and returns the result.</doc>
<msg timestamp="20230704 14:27:44.973" level="INFO">${flat} = ['2015', '2015']</msg>
<status status="PASS" starttime="20230704 14:27:44.973" endtime="20230704 14:27:44.973"/>
</kw>
<status status="PASS" starttime="20230704 14:27:44.968" endtime="20230704 14:27:44.973"/>
</iter>
<iter>
<var name="${locator}">&lt;selenium.webdriver.remote.webelement.WebElement (session="40e6d0124b0e966db8bb690f250003bd", element="B71142769EECE51CD6DBD2EEA9F109B8_element_258")&gt;</var>
<kw name="Get Text" library="SeleniumLibrary">
<var>${name}</var>
<arg>${locator}</arg>
<doc>Returns the text value of the element identified by ``locator``.</doc>
<msg timestamp="20230704 14:27:44.977" level="INFO">${name} = 112 g CO2/km (komb.)</msg>
<status status="PASS" starttime="20230704 14:27:44.973" endtime="20230704 14:27:44.977"/>
</kw>
<kw name="Get Regexp Matches" library="String">
<var>${matches}</var>
<arg>${name}</arg>
<arg>\\d{4}</arg>
<doc>Returns a list of all non-overlapping matches in the given string.</doc>
<msg timestamp="20230704 14:27:44.978" level="INFO">${matches} = []</msg>
<status status="PASS" starttime="20230704 14:27:44.977" endtime="20230704 14:27:44.978"/>
</kw>
<kw name="Append To List" library="Collections">
<arg>${result}</arg>
<arg>${matches}</arg>
<doc>Adds ``values`` to the end of ``list``.</doc>
<status status="PASS" starttime="20230704 14:27:44.978" endtime="20230704 14:27:44.978"/>
</kw>
<kw name="Evaluate" library="BuiltIn">
<var>${flat}</var>
<arg>[item for sublist in ${result} for item in (sublist if isinstance(sublist, list) else [sublist])]</arg>
<doc>Evaluates the given expression in Python and returns the result.</doc>
<msg timestamp="20230704 14:27:44.978" level="INFO">${flat} = ['2015', '2015']</msg>
<status status="PASS" starttime="20230704 14:27:44.978" endtime="20230704 14:27:44.978"/>
</kw>
<status status="PASS" starttime="20230704 14:27:44.973" endtime="20230704 14:27:44.978"/>
</iter>
<iter>
<var name="${locator}">&lt;selenium.webdriver.remote.webelement.WebElement (session="40e6d0124b0e966db8bb690f250003bd", element="B71142769EECE51CD6DBD2EEA9F109B8_element_259")&gt;</var>
<kw name="Get Text" library="SeleniumLibrary">
<var>${name}</var>
<arg>${locator}</arg>
<doc>Returns the text value of the element identified by ``locator``.</doc>
<msg timestamp="20230704 14:27:44.982" level="INFO">${name} = 2017</msg>
<status status="PASS" starttime="20230704 14:27:44.978" endtime="20230704 14:27:44.982"/>
</kw>
<kw name="Get Regexp Matches" library="String">
<var>${matches}</var>
<arg>${name}</arg>
<arg>\\d{4}</arg>
<doc>Returns a list of all non-overlapping matches in the given string.</doc>
<msg timestamp="20230704 14:27:44.982" level="INFO">${matches} = ['2017']</msg>
<status status="PASS" starttime="20230704 14:27:44.982" endtime="20230704 14:27:44.982"/>
</kw>
<kw name="Append To List" library="Collections">
<arg>${result}</arg>
<arg>${matches}</arg>
<doc>Adds ``values`` to the end of ``list``.</doc>
<status status="PASS" starttime="20230704 14:27:44.982" endtime="20230704 14:27:44.982"/>
</kw>
<kw name="Evaluate" library="BuiltIn">
<var>${flat}</var>
<arg>[item for sublist in ${result} for item in (sublist if isinstance(sublist, list) else [sublist])]</arg>
<doc>Evaluates the given expression in Python and returns the result.</doc>
<msg timestamp="20230704 14:27:44.983" level="INFO">${flat} = ['2015', '2015', '2017']</msg>
<status status="PASS" starttime="20230704 14:27:44.982" endtime="20230704 14:27:44.983"/>
</kw>
<status status="PASS" starttime="20230704 14:27:44.978" endtime="20230704 14:27:44.983"/>
</iter>
<iter>
<var name="${locator}">&lt;selenium.webdriver.remote.webelement.WebElement (session="40e6d0124b0e966db8bb690f250003bd", element="B71142769EECE51CD6DBD2EEA9F109B8_element_260")&gt;</var>
<kw name="Get Text" library="SeleniumLibrary">
<var>${name}</var>
<arg>${locator}</arg>
<doc>Returns the text value of the element identified by ``locator``.</doc>
<msg timestamp="20230704 14:27:44.986" level="INFO">${name} = Schaltgetriebe</msg>
<status status="PASS" starttime="20230704 14:27:44.983" endtime="20230704 14:27:44.986"/>
</kw>
<kw name="Get Regexp Matches" library="String">
<var>${matches}</var>
<arg>${name}</arg>
<arg>\\d{4}</arg>
<doc>Returns a list of all non-overlapping matches in the given string.</doc>
<msg timestamp="20230704 14:27:44.987" level="INFO">${matches} = []</msg>
<status status="PASS" starttime="20230704 14:27:44.986" endtime="20230704 14:27:44.987"/>
</kw>
<kw name="Append To List" library="Collections">
<arg>${result}</arg>
<arg>${matches}</arg>
<doc>Adds ``values`` to the end of ``list``.</doc>
<status status="PASS" starttime="20230704 14:27:44.987" endtime="20230704 14:27:44.987"/>
</kw>
<kw name="Evaluate" library="BuiltIn">
<var>${flat}</var>
<arg>[item for sublist in ${result} for item in (sublist if isinstance(sublist, list) else [sublist])]</arg>
<doc>Evaluates the given expression in Python and returns the result.</doc>
<msg timestamp="20230704 14:27:44.987" level="INFO">${flat} = ['2015', '2015', '2017']</msg>
<status status="PASS" starttime="20230704 14:27:44.987" endtime="20230704 14:27:44.987"/>
</kw>
<status status="PASS" starttime="20230704 14:27:44.983" endtime="20230704 14:27:44.987"/>
</iter>
<iter>
<var name="${locator}">&lt;selenium.webdriver.remote.webelement.WebElement (session="40e6d0124b0e966db8bb690f250003bd", element="B71142769EECE51CD6DBD2EEA9F109B8_element_261")&gt;</var>
<kw name="Get Text" library="SeleniumLibrary">
<var>${name}</var>
<arg>${locator}</arg>
<doc>Returns the text value of the element identified by ``locator``.</doc>
<msg timestamp="20230704 14:27:44.992" level="INFO">${name} = 106 g CO2/km (komb.)</msg>
<status status="PASS" starttime="20230704 14:27:44.987" endtime="20230704 14:27:44.992"/>
</kw>
<kw name="Get Regexp Matches" library="String">
<var>${matches}</var>
<arg>${name}</arg>
<arg>\\d{4}</arg>
<doc>Returns a list of all non-overlapping matches in the given string.</doc>
<msg timestamp="20230704 14:27:44.992" level="INFO">${matches} = []</msg>
<status status="PASS" starttime="20230704 14:27:44.992" endtime="20230704 14:27:44.992"/>
</kw>
<kw name="Append To List" library="Collections">
<arg>${result}</arg>
<arg>${matches}</arg>
<doc>Adds ``values`` to the end of ``list``.</doc>
<status status="PASS" starttime="20230704 14:27:44.992" endtime="20230704 14:27:44.992"/>
</kw>
<kw name="Evaluate" library="BuiltIn">
<var>${flat}</var>
<arg>[item for sublist in ${result} for item in (sublist if isinstance(sublist, list) else [sublist])]</arg>
<doc>Evaluates the given expression in Python and returns the result.</doc>
<msg timestamp="20230704 14:27:44.992" level="INFO">${flat} = ['2015', '2015', '2017']</msg>
<status status="PASS" starttime="20230704 14:27:44.992" endtime="20230704 14:27:44.993"/>
</kw>
<status status="PASS" starttime="20230704 14:27:44.987" endtime="20230704 14:27:44.993"/>
</iter>
<iter>
<var name="${locator}">&lt;selenium.webdriver.remote.webelement.WebElement (session="40e6d0124b0e966db8bb690f250003bd", element="B71142769EECE51CD6DBD2EEA9F109B8_element_262")&gt;</var>
<kw name="Get Text" library="SeleniumLibrary">
<var>${name}</var>
<arg>${locator}</arg>
<doc>Returns the text value of the element identified by ``locator``.</doc>
<msg timestamp="20230704 14:27:44.998" level="INFO">${name} = 2018</msg>
<status status="PASS" starttime="20230704 14:27:44.993" endtime="20230704 14:27:44.998"/>
</kw>
<kw name="Get Regexp Matches" library="String">
<var>${matches}</var>
<arg>${name}</arg>
<arg>\\d{4}</arg>
<doc>Returns a list of all non-overlapping matches in the given string.</doc>
<msg timestamp="20230704 14:27:44.998" level="INFO">${matches} = ['2018']</msg>
<status status="PASS" starttime="20230704 14:27:44.998" endtime="20230704 14:27:44.998"/>
</kw>
<kw name="Append To List" library="Collections">
<arg>${result}</arg>
<arg>${matches}</arg>
<doc>Adds ``values`` to the end of ``list``.</doc>
<status status="PASS" starttime="20230704 14:27:44.998" endtime="20230704 14:27:44.998"/>
</kw>
<kw name="Evaluate" library="BuiltIn">
<var>${flat}</var>
<arg>[item for sublist in ${result} for item in (sublist if isinstance(sublist, list) else [sublist])]</arg>
<doc>Evaluates the given expression in Python and returns the result.</doc>
<msg timestamp="20230704 14:27:44.999" level="INFO">${flat} = ['2015', '2015', '2017', '2018']</msg>
<status status="PASS" starttime="20230704 14:27:44.998" endtime="20230704 14:27:44.999"/>
</kw>
<status status="PASS" starttime="20230704 14:27:44.993" endtime="20230704 14:27:44.999"/>
</iter>
<iter>
<var name="${locator}">&lt;selenium.webdriver.remote.webelement.WebElement (session="40e6d0124b0e966db8bb690f250003bd", element="B71142769EECE51CD6DBD2EEA9F109B8_element_263")&gt;</var>
<kw name="Get Text" library="SeleniumLibrary">
<var>${name}</var>
<arg>${locator}</arg>
<doc>Returns the text value of the element identified by ``locator``.</doc>
<msg timestamp="20230704 14:27:45.003" level="INFO">${name} = Schaltgetriebe</msg>
<status status="PASS" starttime="20230704 14:27:44.999" endtime="20230704 14:27:45.003"/>
</kw>
<kw name="Get Regexp Matches" library="String">
<var>${matches}</var>
<arg>${name}</arg>
<arg>\\d{4}</arg>
<doc>Returns a list of all non-overlapping matches in the given string.</doc>
<msg timestamp="20230704 14:27:45.003" level="INFO">${matches} = []</msg>
<status status="PASS" starttime="20230704 14:27:45.003" endtime="20230704 14:27:45.003"/>
</kw>
<kw name="Append To List" library="Collections">
<arg>${result}</arg>
<arg>${matches}</arg>
<doc>Adds ``values`` to the end of ``list``.</doc>
<status status="PASS" starttime="20230704 14:27:45.003" endtime="20230704 14:27:45.003"/>
</kw>
<kw name="Evaluate" library="BuiltIn">
<var>${flat}</var>
<arg>[item for sublist in ${result} for item in (sublist if isinstance(sublist, list) else [sublist])]</arg>
<doc>Evaluates the given expression in Python and returns the result.</doc>
<msg timestamp="20230704 14:27:45.003" level="INFO">${flat} = ['2015', '2015', '2017', '2018']</msg>
<status status="PASS" starttime="20230704 14:27:45.003" endtime="20230704 14:27:45.003"/>
</kw>
<status status="PASS" starttime="20230704 14:27:44.999" endtime="20230704 14:27:45.003"/>
</iter>
<iter>
<var name="${locator}">&lt;selenium.webdriver.remote.webelement.WebElement (session="40e6d0124b0e966db8bb690f250003bd", element="B71142769EECE51CD6DBD2EEA9F109B8_element_264")&gt;</var>
<kw name="Get Text" library="SeleniumLibrary">
<var>${name}</var>
<arg>${locator}</arg>
<doc>Returns the text value of the element identified by ``locator``.</doc>
<msg timestamp="20230704 14:27:45.009" level="INFO">${name} = 114 g CO2/km (komb.)</msg>
<status status="PASS" starttime="20230704 14:27:45.003" endtime="20230704 14:27:45.009"/>
</kw>
<kw name="Get Regexp Matches" library="String">
<var>${matches}</var>
<arg>${name}</arg>
<arg>\\d{4}</arg>
<doc>Returns a list of all non-overlapping matches in the given string.</doc>
<msg timestamp="20230704 14:27:45.009" level="INFO">${matches} = []</msg>
<status status="PASS" starttime="20230704 14:27:45.009" endtime="20230704 14:27:45.009"/>
</kw>
<kw name="Append To List" library="Collections">
<arg>${result}</arg>
<arg>${matches}</arg>
<doc>Adds ``values`` to the end of ``list``.</doc>
<status status="PASS" starttime="20230704 14:27:45.009" endtime="20230704 14:27:45.009"/>
</kw>
<kw name="Evaluate" library="BuiltIn">
<var>${flat}</var>
<arg>[item for sublist in ${result} for item in (sublist if isinstance(sublist, list) else [sublist])]</arg>
<doc>Evaluates the given expression in Python and returns the result.</doc>
<msg timestamp="20230704 14:27:45.009" level="INFO">${flat} = ['2015', '2015', '2017', '2018']</msg>
<status status="PASS" starttime="20230704 14:27:45.009" endtime="20230704 14:27:45.009"/>
</kw>
<status status="PASS" starttime="20230704 14:27:45.003" endtime="20230704 14:27:45.009"/>
</iter>
<iter>
<var name="${locator}">&lt;selenium.webdriver.remote.webelement.WebElement (session="40e6d0124b0e966db8bb690f250003bd", element="B71142769EECE51CD6DBD2EEA9F109B8_element_265")&gt;</var>
<kw name="Get Text" library="SeleniumLibrary">
<var>${name}</var>
<arg>${locator}</arg>
<doc>Returns the text value of the element identified by ``locator``.</doc>
<msg timestamp="20230704 14:27:45.013" level="INFO">${name} = 2020</msg>
<status status="PASS" starttime="20230704 14:27:45.009" endtime="20230704 14:27:45.013"/>
</kw>
<kw name="Get Regexp Matches" library="String">
<var>${matches}</var>
<arg>${name}</arg>
<arg>\\d{4}</arg>
<doc>Returns a list of all non-overlapping matches in the given string.</doc>
<msg timestamp="20230704 14:27:45.013" level="INFO">${matches} = ['2020']</msg>
<status status="PASS" starttime="20230704 14:27:45.013" endtime="20230704 14:27:45.013"/>
</kw>
<kw name="Append To List" library="Collections">
<arg>${result}</arg>
<arg>${matches}</arg>
<doc>Adds ``values`` to the end of ``list``.</doc>
<status status="PASS" starttime="20230704 14:27:45.013" endtime="20230704 14:27:45.014"/>
</kw>
<kw name="Evaluate" library="BuiltIn">
<var>${flat}</var>
<arg>[item for sublist in ${result} for item in (sublist if isinstance(sublist, list) else [sublist])]</arg>
<doc>Evaluates the given expression in Python and returns the result.</doc>
<msg timestamp="20230704 14:27:45.014" level="INFO">${flat} = ['2015', '2015', '2017', '2018', '2020']</msg>
<status status="PASS" starttime="20230704 14:27:45.014" endtime="20230704 14:27:45.014"/>
</kw>
<status status="PASS" starttime="20230704 14:27:45.009" endtime="20230704 14:27:45.014"/>
</iter>
<iter>
<var name="${locator}">&lt;selenium.webdriver.remote.webelement.WebElement (session="40e6d0124b0e966db8bb690f250003bd", element="B71142769EECE51CD6DBD2EEA9F109B8_element_266")&gt;</var>
<kw name="Get Text" library="SeleniumLibrary">
<var>${name}</var>
<arg>${locator}</arg>
<doc>Returns the text value of the element identified by ``locator``.</doc>
<msg timestamp="20230704 14:27:45.018" level="INFO">${name} = Schaltgetriebe</msg>
<status status="PASS" starttime="20230704 14:27:45.014" endtime="20230704 14:27:45.018"/>
</kw>
<kw name="Get Regexp Matches" library="String">
<var>${matches}</var>
<arg>${name}</arg>
<arg>\\d{4}</arg>
<doc>Returns a list of all non-overlapping matches in the given string.</doc>
<msg timestamp="20230704 14:27:45.018" level="INFO">${matches} = []</msg>
<status status="PASS" starttime="20230704 14:27:45.018" endtime="20230704 14:27:45.018"/>
</kw>
<kw name="Append To List" library="Collections">
<arg>${result}</arg>
<arg>${matches}</arg>
<doc>Adds ``values`` to the end of ``list``.</doc>
<status status="PASS" starttime="20230704 14:27:45.018" endtime="20230704 14:27:45.018"/>
</kw>
<kw name="Evaluate" library="BuiltIn">
<var>${flat}</var>
<arg>[item for sublist in ${result} for item in (sublist if isinstance(sublist, list) else [sublist])]</arg>
<doc>Evaluates the given expression in Python and returns the result.</doc>
<msg timestamp="20230704 14:27:45.018" level="INFO">${flat} = ['2015', '2015', '2017', '2018', '2020']</msg>
<status status="PASS" starttime="20230704 14:27:45.018" endtime="20230704 14:27:45.018"/>
</kw>
<status status="PASS" starttime="20230704 14:27:45.014" endtime="20230704 14:27:45.018"/>
</iter>
<iter>
<var name="${locator}">&lt;selenium.webdriver.remote.webelement.WebElement (session="40e6d0124b0e966db8bb690f250003bd", element="B71142769EECE51CD6DBD2EEA9F109B8_element_267")&gt;</var>
<kw name="Get Text" library="SeleniumLibrary">
<var>${name}</var>
<arg>${locator}</arg>
<doc>Returns the text value of the element identified by ``locator``.</doc>
<msg timestamp="20230704 14:27:45.023" level="INFO">${name} = 127 g CO2/km (komb.)</msg>
<status status="PASS" starttime="20230704 14:27:45.018" endtime="20230704 14:27:45.023"/>
</kw>
<kw name="Get Regexp Matches" library="String">
<var>${matches}</var>
<arg>${name}</arg>
<arg>\\d{4}</arg>
<doc>Returns a list of all non-overlapping matches in the given string.</doc>
<msg timestamp="20230704 14:27:45.024" level="INFO">${matches} = []</msg>
<status status="PASS" starttime="20230704 14:27:45.023" endtime="20230704 14:27:45.024"/>
</kw>
<kw name="Append To List" library="Collections">
<arg>${result}</arg>
<arg>${matches}</arg>
<doc>Adds ``values`` to the end of ``list``.</doc>
<status status="PASS" starttime="20230704 14:27:45.024" endtime="20230704 14:27:45.024"/>
</kw>
<kw name="Evaluate" library="BuiltIn">
<var>${flat}</var>
<arg>[item for sublist in ${result} for item in (sublist if isinstance(sublist, list) else [sublist])]</arg>
<doc>Evaluates the given expression in Python and returns the result.</doc>
<msg timestamp="20230704 14:27:45.024" level="INFO">${flat} = ['2015', '2015', '2017', '2018', '2020']</msg>
<status status="PASS" starttime="20230704 14:27:45.024" endtime="20230704 14:27:45.024"/>
</kw>
<status status="PASS" starttime="20230704 14:27:45.018" endtime="20230704 14:27:45.024"/>
</iter>
<iter>
<var name="${locator}">&lt;selenium.webdriver.remote.webelement.WebElement (session="40e6d0124b0e966db8bb690f250003bd", element="B71142769EECE51CD6DBD2EEA9F109B8_element_268")&gt;</var>
<kw name="Get Text" library="SeleniumLibrary">
<var>${name}</var>
<arg>${locator}</arg>
<doc>Returns the text value of the element identified by ``locator``.</doc>
<msg timestamp="20230704 14:27:45.028" level="INFO">${name} = 2018</msg>
<status status="PASS" starttime="20230704 14:27:45.024" endtime="20230704 14:27:45.028"/>
</kw>
<kw name="Get Regexp Matches" library="String">
<var>${matches}</var>
<arg>${name}</arg>
<arg>\\d{4}</arg>
<doc>Returns a list of all non-overlapping matches in the given string.</doc>
<msg timestamp="20230704 14:27:45.029" level="INFO">${matches} = ['2018']</msg>
<status status="PASS" starttime="20230704 14:27:45.028" endtime="20230704 14:27:45.029"/>
</kw>
<kw name="Append To List" library="Collections">
<arg>${result}</arg>
<arg>${matches}</arg>
<doc>Adds ``values`` to the end of ``list``.</doc>
<status status="PASS" starttime="20230704 14:27:45.029" endtime="20230704 14:27:45.029"/>
</kw>
<kw name="Evaluate" library="BuiltIn">
<var>${flat}</var>
<arg>[item for sublist in ${result} for item in (sublist if isinstance(sublist, list) else [sublist])]</arg>
<doc>Evaluates the given expression in Python and returns the result.</doc>
<msg timestamp="20230704 14:27:45.029" level="INFO">${flat} = ['2015', '2015', '2017', '2018', '2020', '2018']</msg>
<status status="PASS" starttime="20230704 14:27:45.029" endtime="20230704 14:27:45.029"/>
</kw>
<status status="PASS" starttime="20230704 14:27:45.024" endtime="20230704 14:27:45.029"/>
</iter>
<iter>
<var name="${locator}">&lt;selenium.webdriver.remote.webelement.WebElement (session="40e6d0124b0e966db8bb690f250003bd", element="B71142769EECE51CD6DBD2EEA9F109B8_element_269")&gt;</var>
<kw name="Get Text" library="SeleniumLibrary">
<var>${name}</var>
<arg>${locator}</arg>
<doc>Returns the text value of the element identified by ``locator``.</doc>
<msg timestamp="20230704 14:27:45.033" level="INFO">${name} = Schaltgetriebe</msg>
<status status="PASS" starttime="20230704 14:27:45.029" endtime="20230704 14:27:45.033"/>
</kw>
<kw name="Get Regexp Matches" library="String">
<var>${matches}</var>
<arg>${name}</arg>
<arg>\\d{4}</arg>
<doc>Returns a list of all non-overlapping matches in the given string.</doc>
<msg timestamp="20230704 14:27:45.033" level="INFO">${matches} = []</msg>
<status status="PASS" starttime="20230704 14:27:45.033" endtime="20230704 14:27:45.033"/>
</kw>
<kw name="Append To List" library="Collections">
<arg>${result}</arg>
<arg>${matches}</arg>
<doc>Adds ``values`` to the end of ``list``.</doc>
<status status="PASS" starttime="20230704 14:27:45.033" endtime="20230704 14:27:45.033"/>
</kw>
<kw name="Evaluate" library="BuiltIn">
<var>${flat}</var>
<arg>[item for sublist in ${result} for item in (sublist if isinstance(sublist, list) else [sublist])]</arg>
<doc>Evaluates the given expression in Python and returns the result.</doc>
<msg timestamp="20230704 14:27:45.034" level="INFO">${flat} = ['2015', '2015', '2017', '2018', '2020', '2018']</msg>
<status status="PASS" starttime="20230704 14:27:45.033" endtime="20230704 14:27:45.034"/>
</kw>
<status status="PASS" starttime="20230704 14:27:45.029" endtime="20230704 14:27:45.034"/>
</iter>
<iter>
<var name="${locator}">&lt;selenium.webdriver.remote.webelement.WebElement (session="40e6d0124b0e966db8bb690f250003bd", element="B71142769EECE51CD6DBD2EEA9F109B8_element_270")&gt;</var>
<kw name="Get Text" library="SeleniumLibrary">
<var>${name}</var>
<arg>${locator}</arg>
<doc>Returns the text value of the element identified by ``locator``.</doc>
<msg timestamp="20230704 14:27:45.038" level="INFO">${name} = 101 g CO2/km (komb.)</msg>
<status status="PASS" starttime="20230704 14:27:45.034" endtime="20230704 14:27:45.038"/>
</kw>
<kw name="Get Regexp Matches" library="String">
<var>${matches}</var>
<arg>${name}</arg>
<arg>\\d{4}</arg>
<doc>Returns a list of all non-overlapping matches in the given string.</doc>
<msg timestamp="20230704 14:27:45.039" level="INFO">${matches} = []</msg>
<status status="PASS" starttime="20230704 14:27:45.038" endtime="20230704 14:27:45.039"/>
</kw>
<kw name="Append To List" library="Collections">
<arg>${result}</arg>
<arg>${matches}</arg>
<doc>Adds ``values`` to the end of ``list``.</doc>
<status status="PASS" starttime="20230704 14:27:45.039" endtime="20230704 14:27:45.039"/>
</kw>
<kw name="Evaluate" library="BuiltIn">
<var>${flat}</var>
<arg>[item for sublist in ${result} for item in (sublist if isinstance(sublist, list) else [sublist])]</arg>
<doc>Evaluates the given expression in Python and returns the result.</doc>
<msg timestamp="20230704 14:27:45.039" level="INFO">${flat} = ['2015', '2015', '2017', '2018', '2020', '2018']</msg>
<status status="PASS" starttime="20230704 14:27:45.039" endtime="20230704 14:27:45.039"/>
</kw>
<status status="PASS" starttime="20230704 14:27:45.034" endtime="20230704 14:27:45.039"/>
</iter>
<iter>
<var name="${locator}">&lt;selenium.webdriver.remote.webelement.WebElement (session="40e6d0124b0e966db8bb690f250003bd", element="B71142769EECE51CD6DBD2EEA9F109B8_element_271")&gt;</var>
<kw name="Get Text" library="SeleniumLibrary">
<var>${name}</var>
<arg>${locator}</arg>
<doc>Returns the text value of the element identified by ``locator``.</doc>
<msg timestamp="20230704 14:27:45.043" level="INFO">${name} = 2018</msg>
<status status="PASS" starttime="20230704 14:27:45.039" endtime="20230704 14:27:45.043"/>
</kw>
<kw name="Get Regexp Matches" library="String">
<var>${matches}</var>
<arg>${name}</arg>
<arg>\\d{4}</arg>
<doc>Returns a list of all non-overlapping matches in the given string.</doc>
<msg timestamp="20230704 14:27:45.044" level="INFO">${matches} = ['2018']</msg>
<status status="PASS" starttime="20230704 14:27:45.043" endtime="20230704 14:27:45.044"/>
</kw>
<kw name="Append To List" library="Collections">
<arg>${result}</arg>
<arg>${matches}</arg>
<doc>Adds ``values`` to the end of ``list``.</doc>
<status status="PASS" starttime="20230704 14:27:45.044" endtime="20230704 14:27:45.044"/>
</kw>
<kw name="Evaluate" library="BuiltIn">
<var>${flat}</var>
<arg>[item for sublist in ${result} for item in (sublist if isinstance(sublist, list) else [sublist])]</arg>
<doc>Evaluates the given expression in Python and returns the result.</doc>
<msg timestamp="20230704 14:27:45.044" level="INFO">${flat} = ['2015', '2015', '2017', '2018', '2020', '2018', '2018']</msg>
<status status="PASS" starttime="20230704 14:27:45.044" endtime="20230704 14:27:45.044"/>
</kw>
<status status="PASS" starttime="20230704 14:27:45.039" endtime="20230704 14:27:45.044"/>
</iter>
<iter>
<var name="${locator}">&lt;selenium.webdriver.remote.webelement.WebElement (session="40e6d0124b0e966db8bb690f250003bd", element="B71142769EECE51CD6DBD2EEA9F109B8_element_272")&gt;</var>
<kw name="Get Text" library="SeleniumLibrary">
<var>${name}</var>
<arg>${locator}</arg>
<doc>Returns the text value of the element identified by ``locator``.</doc>
<msg timestamp="20230704 14:27:45.048" level="INFO">${name} = Schaltgetriebe</msg>
<status status="PASS" starttime="20230704 14:27:45.044" endtime="20230704 14:27:45.048"/>
</kw>
<kw name="Get Regexp Matches" library="String">
<var>${matches}</var>
<arg>${name}</arg>
<arg>\\d{4}</arg>
<doc>Returns a list of all non-overlapping matches in the given string.</doc>
<msg timestamp="20230704 14:27:45.048" level="INFO">${matches} = []</msg>
<status status="PASS" starttime="20230704 14:27:45.048" endtime="20230704 14:27:45.048"/>
</kw>
<kw name="Append To List" library="Collections">
<arg>${result}</arg>
<arg>${matches}</arg>
<doc>Adds ``values`` to the end of ``list``.</doc>
<status status="PASS" starttime="20230704 14:27:45.048" endtime="20230704 14:27:45.048"/>
</kw>
<kw name="Evaluate" library="BuiltIn">
<var>${flat}</var>
<arg>[item for sublist in ${result} for item in (sublist if isinstance(sublist, list) else [sublist])]</arg>
<doc>Evaluates the given expression in Python and returns the result.</doc>
<msg timestamp="20230704 14:27:45.049" level="INFO">${flat} = ['2015', '2015', '2017', '2018', '2020', '2018', '2018']</msg>
<status status="PASS" starttime="20230704 14:27:45.048" endtime="20230704 14:27:45.049"/>
</kw>
<status status="PASS" starttime="20230704 14:27:45.044" endtime="20230704 14:27:45.049"/>
</iter>
<iter>
<var name="${locator}">&lt;selenium.webdriver.remote.webelement.WebElement (session="40e6d0124b0e966db8bb690f250003bd", element="B71142769EECE51CD6DBD2EEA9F109B8_element_273")&gt;</var>
<kw name="Get Text" library="SeleniumLibrary">
<var>${name}</var>
<arg>${locator}</arg>
<doc>Returns the text value of the element identified by ``locator``.</doc>
<msg timestamp="20230704 14:27:45.052" level="INFO">${name} = 110 g CO2/km (komb.)</msg>
<status status="PASS" starttime="20230704 14:27:45.049" endtime="20230704 14:27:45.052"/>
</kw>
<kw name="Get Regexp Matches" library="String">
<var>${matches}</var>
<arg>${name}</arg>
<arg>\\d{4}</arg>
<doc>Returns a list of all non-overlapping matches in the given string.</doc>
<msg timestamp="20230704 14:27:45.053" level="INFO">${matches} = []</msg>
<status status="PASS" starttime="20230704 14:27:45.052" endtime="20230704 14:27:45.053"/>
</kw>
<kw name="Append To List" library="Collections">
<arg>${result}</arg>
<arg>${matches}</arg>
<doc>Adds ``values`` to the end of ``list``.</doc>
<status status="PASS" starttime="20230704 14:27:45.053" endtime="20230704 14:27:45.053"/>
</kw>
<kw name="Evaluate" library="BuiltIn">
<var>${flat}</var>
<arg>[item for sublist in ${result} for item in (sublist if isinstance(sublist, list) else [sublist])]</arg>
<doc>Evaluates the given expression in Python and returns the result.</doc>
<msg timestamp="20230704 14:27:45.053" level="INFO">${flat} = ['2015', '2015', '2017', '2018', '2020', '2018', '2018']</msg>
<status status="PASS" starttime="20230704 14:27:45.053" endtime="20230704 14:27:45.053"/>
</kw>
<status status="PASS" starttime="20230704 14:27:45.049" endtime="20230704 14:27:45.053"/>
</iter>
<iter>
<var name="${locator}">&lt;selenium.webdriver.remote.webelement.WebElement (session="40e6d0124b0e966db8bb690f250003bd", element="B71142769EECE51CD6DBD2EEA9F109B8_element_274")&gt;</var>
<kw name="Get Text" library="SeleniumLibrary">
<var>${name}</var>
<arg>${locator}</arg>
<doc>Returns the text value of the element identified by ``locator``.</doc>
<msg timestamp="20230704 14:27:45.059" level="INFO">${name} = 2019</msg>
<status status="PASS" starttime="20230704 14:27:45.053" endtime="20230704 14:27:45.059"/>
</kw>
<kw name="Get Regexp Matches" library="String">
<var>${matches}</var>
<arg>${name}</arg>
<arg>\\d{4}</arg>
<doc>Returns a list of all non-overlapping matches in the given string.</doc>
<msg timestamp="20230704 14:27:45.059" level="INFO">${matches} = ['2019']</msg>
<status status="PASS" starttime="20230704 14:27:45.059" endtime="20230704 14:27:45.059"/>
</kw>
<kw name="Append To List" library="Collections">
<arg>${result}</arg>
<arg>${matches}</arg>
<doc>Adds ``values`` to the end of ``list``.</doc>
<status status="PASS" starttime="20230704 14:27:45.059" endtime="20230704 14:27:45.059"/>
</kw>
<kw name="Evaluate" library="BuiltIn">
<var>${flat}</var>
<arg>[item for sublist in ${result} for item in (sublist if isinstance(sublist, list) else [sublist])]</arg>
<doc>Evaluates the given expression in Python and returns the result.</doc>
<msg timestamp="20230704 14:27:45.059" level="INFO">${flat} = ['2015', '2015', '2017', '2018', '2020', '2018', '2018', '2019']</msg>
<status status="PASS" starttime="20230704 14:27:45.059" endtime="20230704 14:27:45.059"/>
</kw>
<status status="PASS" starttime="20230704 14:27:45.053" endtime="20230704 14:27:45.059"/>
</iter>
<iter>
<var name="${locator}">&lt;selenium.webdriver.remote.webelement.WebElement (session="40e6d0124b0e966db8bb690f250003bd", element="B71142769EECE51CD6DBD2EEA9F109B8_element_275")&gt;</var>
<kw name="Get Text" library="SeleniumLibrary">
<var>${name}</var>
<arg>${locator}</arg>
<doc>Returns the text value of the element identified by ``locator``.</doc>
<msg timestamp="20230704 14:27:45.063" level="INFO">${name} = Automatik</msg>
<status status="PASS" starttime="20230704 14:27:45.060" endtime="20230704 14:27:45.063"/>
</kw>
<kw name="Get Regexp Matches" library="String">
<var>${matches}</var>
<arg>${name}</arg>
<arg>\\d{4}</arg>
<doc>Returns a list of all non-overlapping matches in the given string.</doc>
<msg timestamp="20230704 14:27:45.064" level="INFO">${matches} = []</msg>
<status status="PASS" starttime="20230704 14:27:45.064" endtime="20230704 14:27:45.064"/>
</kw>
<kw name="Append To List" library="Collections">
<arg>${result}</arg>
<arg>${matches}</arg>
<doc>Adds ``values`` to the end of ``list``.</doc>
<status status="PASS" starttime="20230704 14:27:45.064" endtime="20230704 14:27:45.064"/>
</kw>
<kw name="Evaluate" library="BuiltIn">
<var>${flat}</var>
<arg>[item for sublist in ${result} for item in (sublist if isinstance(sublist, list) else [sublist])]</arg>
<doc>Evaluates the given expression in Python and returns the result.</doc>
<msg timestamp="20230704 14:27:45.064" level="INFO">${flat} = ['2015', '2015', '2017', '2018', '2020', '2018', '2018', '2019']</msg>
<status status="PASS" starttime="20230704 14:27:45.064" endtime="20230704 14:27:45.064"/>
</kw>
<status status="PASS" starttime="20230704 14:27:45.059" endtime="20230704 14:27:45.064"/>
</iter>
<iter>
<var name="${locator}">&lt;selenium.webdriver.remote.webelement.WebElement (session="40e6d0124b0e966db8bb690f250003bd", element="B71142769EECE51CD6DBD2EEA9F109B8_element_276")&gt;</var>
<kw name="Get Text" library="SeleniumLibrary">
<var>${name}</var>
<arg>${locator}</arg>
<doc>Returns the text value of the element identified by ``locator``.</doc>
<msg timestamp="20230704 14:27:45.068" level="INFO">${name} = 163 g CO2/km (komb.)</msg>
<status status="PASS" starttime="20230704 14:27:45.064" endtime="20230704 14:27:45.069"/>
</kw>
<kw name="Get Regexp Matches" library="String">
<var>${matches}</var>
<arg>${name}</arg>
<arg>\\d{4}</arg>
<doc>Returns a list of all non-overlapping matches in the given string.</doc>
<msg timestamp="20230704 14:27:45.069" level="INFO">${matches} = []</msg>
<status status="PASS" starttime="20230704 14:27:45.069" endtime="20230704 14:27:45.069"/>
</kw>
<kw name="Append To List" library="Collections">
<arg>${result}</arg>
<arg>${matches}</arg>
<doc>Adds ``values`` to the end of ``list``.</doc>
<status status="PASS" starttime="20230704 14:27:45.069" endtime="20230704 14:27:45.069"/>
</kw>
<kw name="Evaluate" library="BuiltIn">
<var>${flat}</var>
<arg>[item for sublist in ${result} for item in (sublist if isinstance(sublist, list) else [sublist])]</arg>
<doc>Evaluates the given expression in Python and returns the result.</doc>
<msg timestamp="20230704 14:27:45.069" level="INFO">${flat} = ['2015', '2015', '2017', '2018', '2020', '2018', '2018', '2019']</msg>
<status status="PASS" starttime="20230704 14:27:45.069" endtime="20230704 14:27:45.069"/>
</kw>
<status status="PASS" starttime="20230704 14:27:45.064" endtime="20230704 14:27:45.069"/>
</iter>
<iter>
<var name="${locator}">&lt;selenium.webdriver.remote.webelement.WebElement (session="40e6d0124b0e966db8bb690f250003bd", element="B71142769EECE51CD6DBD2EEA9F109B8_element_277")&gt;</var>
<kw name="Get Text" library="SeleniumLibrary">
<var>${name}</var>
<arg>${locator}</arg>
<doc>Returns the text value of the element identified by ``locator``.</doc>
<msg timestamp="20230704 14:27:45.074" level="INFO">${name} = 2021</msg>
<status status="PASS" starttime="20230704 14:27:45.069" endtime="20230704 14:27:45.074"/>
</kw>
<kw name="Get Regexp Matches" library="String">
<var>${matches}</var>
<arg>${name}</arg>
<arg>\\d{4}</arg>
<doc>Returns a list of all non-overlapping matches in the given string.</doc>
<msg timestamp="20230704 14:27:45.074" level="INFO">${matches} = ['2021']</msg>
<status status="PASS" starttime="20230704 14:27:45.074" endtime="20230704 14:27:45.074"/>
</kw>
<kw name="Append To List" library="Collections">
<arg>${result}</arg>
<arg>${matches}</arg>
<doc>Adds ``values`` to the end of ``list``.</doc>
<status status="PASS" starttime="20230704 14:27:45.075" endtime="20230704 14:27:45.075"/>
</kw>
<kw name="Evaluate" library="BuiltIn">
<var>${flat}</var>
<arg>[item for sublist in ${result} for item in (sublist if isinstance(sublist, list) else [sublist])]</arg>
<doc>Evaluates the given expression in Python and returns the result.</doc>
<msg timestamp="20230704 14:27:45.075" level="INFO">${flat} = ['2015', '2015', '2017', '2018', '2020', '2018', '2018', '2019', '2021']</msg>
<status status="PASS" starttime="20230704 14:27:45.075" endtime="20230704 14:27:45.075"/>
</kw>
<status status="PASS" starttime="20230704 14:27:45.069" endtime="20230704 14:27:45.075"/>
</iter>
<iter>
<var name="${locator}">&lt;selenium.webdriver.remote.webelement.WebElement (session="40e6d0124b0e966db8bb690f250003bd", element="B71142769EECE51CD6DBD2EEA9F109B8_element_278")&gt;</var>
<kw name="Get Text" library="SeleniumLibrary">
<var>${name}</var>
<arg>${locator}</arg>
<doc>Returns the text value of the element identified by ``locator``.</doc>
<msg timestamp="20230704 14:27:45.079" level="INFO">${name} = Automatik</msg>
<status status="PASS" starttime="20230704 14:27:45.075" endtime="20230704 14:27:45.079"/>
</kw>
<kw name="Get Regexp Matches" library="String">
<var>${matches}</var>
<arg>${name}</arg>
<arg>\\d{4}</arg>
<doc>Returns a list of all non-overlapping matches in the given string.</doc>
<msg timestamp="20230704 14:27:45.079" level="INFO">${matches} = []</msg>
<status status="PASS" starttime="20230704 14:27:45.079" endtime="20230704 14:27:45.079"/>
</kw>
<kw name="Append To List" library="Collections">
<arg>${result}</arg>
<arg>${matches}</arg>
<doc>Adds ``values`` to the end of ``list``.</doc>
<status status="PASS" starttime="20230704 14:27:45.079" endtime="20230704 14:27:45.080"/>
</kw>
<kw name="Evaluate" library="BuiltIn">
<var>${flat}</var>
<arg>[item for sublist in ${result} for item in (sublist if isinstance(sublist, list) else [sublist])]</arg>
<doc>Evaluates the given expression in Python and returns the result.</doc>
<msg timestamp="20230704 14:27:45.080" level="INFO">${flat} = ['2015', '2015', '2017', '2018', '2020', '2018', '2018', '2019', '2021']</msg>
<status status="PASS" starttime="20230704 14:27:45.080" endtime="20230704 14:27:45.080"/>
</kw>
<status status="PASS" starttime="20230704 14:27:45.075" endtime="20230704 14:27:45.080"/>
</iter>
<iter>
<var name="${locator}">&lt;selenium.webdriver.remote.webelement.WebElement (session="40e6d0124b0e966db8bb690f250003bd", element="B71142769EECE51CD6DBD2EEA9F109B8_element_279")&gt;</var>
<kw name="Get Text" library="SeleniumLibrary">
<var>${name}</var>
<arg>${locator}</arg>
<doc>Returns the text value of the element identified by ``locator``.</doc>
<msg timestamp="20230704 14:27:45.084" level="INFO">${name} = 204 g CO2/km (komb.)</msg>
<status status="PASS" starttime="20230704 14:27:45.080" endtime="20230704 14:27:45.084"/>
</kw>
<kw name="Get Regexp Matches" library="String">
<var>${matches}</var>
<arg>${name}</arg>
<arg>\\d{4}</arg>
<doc>Returns a list of all non-overlapping matches in the given string.</doc>
<msg timestamp="20230704 14:27:45.084" level="INFO">${matches} = []</msg>
<status status="PASS" starttime="20230704 14:27:45.084" endtime="20230704 14:27:45.084"/>
</kw>
<kw name="Append To List" library="Collections">
<arg>${result}</arg>
<arg>${matches}</arg>
<doc>Adds ``values`` to the end of ``list``.</doc>
<status status="PASS" starttime="20230704 14:27:45.084" endtime="20230704 14:27:45.084"/>
</kw>
<kw name="Evaluate" library="BuiltIn">
<var>${flat}</var>
<arg>[item for sublist in ${result} for item in (sublist if isinstance(sublist, list) else [sublist])]</arg>
<doc>Evaluates the given expression in Python and returns the result.</doc>
<msg timestamp="20230704 14:27:45.084" level="INFO">${flat} = ['2015', '2015', '2017', '2018', '2020', '2018', '2018', '2019', '2021']</msg>
<status status="PASS" starttime="20230704 14:27:45.084" endtime="20230704 14:27:45.084"/>
</kw>
<status status="PASS" starttime="20230704 14:27:45.080" endtime="20230704 14:27:45.084"/>
</iter>
<iter>
<var name="${locator}">&lt;selenium.webdriver.remote.webelement.WebElement (session="40e6d0124b0e966db8bb690f250003bd", element="B71142769EECE51CD6DBD2EEA9F109B8_element_280")&gt;</var>
<kw name="Get Text" library="SeleniumLibrary">
<var>${name}</var>
<arg>${locator}</arg>
<doc>Returns the text value of the element identified by ``locator``.</doc>
<msg timestamp="20230704 14:27:45.088" level="INFO">${name} = 2018</msg>
<status status="PASS" starttime="20230704 14:27:45.084" endtime="20230704 14:27:45.088"/>
</kw>
<kw name="Get Regexp Matches" library="String">
<var>${matches}</var>
<arg>${name}</arg>
<arg>\\d{4}</arg>
<doc>Returns a list of all non-overlapping matches in the given string.</doc>
<msg timestamp="20230704 14:27:45.089" level="INFO">${matches} = ['2018']</msg>
<status status="PASS" starttime="20230704 14:27:45.089" endtime="20230704 14:27:45.089"/>
</kw>
<kw name="Append To List" library="Collections">
<arg>${result}</arg>
<arg>${matches}</arg>
<doc>Adds ``values`` to the end of ``list``.</doc>
<status status="PASS" starttime="20230704 14:27:45.089" endtime="20230704 14:27:45.089"/>
</kw>
<kw name="Evaluate" library="BuiltIn">
<var>${flat}</var>
<arg>[item for sublist in ${result} for item in (sublist if isinstance(sublist, list) else [sublist])]</arg>
<doc>Evaluates the given expression in Python and returns the result.</doc>
<msg timestamp="20230704 14:27:45.089" level="INFO">${flat} = ['2015', '2015', '2017', '2018', '2020', '2018', '2018', '2019', '2021', '2018']</msg>
<status status="PASS" starttime="20230704 14:27:45.089" endtime="20230704 14:27:45.089"/>
</kw>
<status status="PASS" starttime="20230704 14:27:45.084" endtime="20230704 14:27:45.089"/>
</iter>
<iter>
<var name="${locator}">&lt;selenium.webdriver.remote.webelement.WebElement (session="40e6d0124b0e966db8bb690f250003bd", element="B71142769EECE51CD6DBD2EEA9F109B8_element_281")&gt;</var>
<kw name="Get Text" library="SeleniumLibrary">
<var>${name}</var>
<arg>${locator}</arg>
<doc>Returns the text value of the element identified by ``locator``.</doc>
<msg timestamp="20230704 14:27:45.094" level="INFO">${name} = Automatik</msg>
<status status="PASS" starttime="20230704 14:27:45.090" endtime="20230704 14:27:45.094"/>
</kw>
<kw name="Get Regexp Matches" library="String">
<var>${matches}</var>
<arg>${name}</arg>
<arg>\\d{4}</arg>
<doc>Returns a list of all non-overlapping matches in the given string.</doc>
<msg timestamp="20230704 14:27:45.094" level="INFO">${matches} = []</msg>
<status status="PASS" starttime="20230704 14:27:45.094" endtime="20230704 14:27:45.094"/>
</kw>
<kw name="Append To List" library="Collections">
<arg>${result}</arg>
<arg>${matches}</arg>
<doc>Adds ``values`` to the end of ``list``.</doc>
<status status="PASS" starttime="20230704 14:27:45.094" endtime="20230704 14:27:45.094"/>
</kw>
<kw name="Evaluate" library="BuiltIn">
<var>${flat}</var>
<arg>[item for sublist in ${result} for item in (sublist if isinstance(sublist, list) else [sublist])]</arg>
<doc>Evaluates the given expression in Python and returns the result.</doc>
<msg timestamp="20230704 14:27:45.094" level="INFO">${flat} = ['2015', '2015', '2017', '2018', '2020', '2018', '2018', '2019', '2021', '2018']</msg>
<status status="PASS" starttime="20230704 14:27:45.094" endtime="20230704 14:27:45.094"/>
</kw>
<status status="PASS" starttime="20230704 14:27:45.089" endtime="20230704 14:27:45.094"/>
</iter>
<iter>
<var name="${locator}">&lt;selenium.webdriver.remote.webelement.WebElement (session="40e6d0124b0e966db8bb690f250003bd", element="B71142769EECE51CD6DBD2EEA9F109B8_element_282")&gt;</var>
<kw name="Get Text" library="SeleniumLibrary">
<var>${name}</var>
<arg>${locator}</arg>
<doc>Returns the text value of the element identified by ``locator``.</doc>
<msg timestamp="20230704 14:27:45.099" level="INFO">${name} = 170 g CO2/km (komb.)</msg>
<status status="PASS" starttime="20230704 14:27:45.095" endtime="20230704 14:27:45.099"/>
</kw>
<kw name="Get Regexp Matches" library="String">
<var>${matches}</var>
<arg>${name}</arg>
<arg>\\d{4}</arg>
<doc>Returns a list of all non-overlapping matches in the given string.</doc>
<msg timestamp="20230704 14:27:45.100" level="INFO">${matches} = []</msg>
<status status="PASS" starttime="20230704 14:27:45.099" endtime="20230704 14:27:45.100"/>
</kw>
<kw name="Append To List" library="Collections">
<arg>${result}</arg>
<arg>${matches}</arg>
<doc>Adds ``values`` to the end of ``list``.</doc>
<status status="PASS" starttime="20230704 14:27:45.100" endtime="20230704 14:27:45.100"/>
</kw>
<kw name="Evaluate" library="BuiltIn">
<var>${flat}</var>
<arg>[item for sublist in ${result} for item in (sublist if isinstance(sublist, list) else [sublist])]</arg>
<doc>Evaluates the given expression in Python and returns the result.</doc>
<msg timestamp="20230704 14:27:45.100" level="INFO">${flat} = ['2015', '2015', '2017', '2018', '2020', '2018', '2018', '2019', '2021', '2018']</msg>
<status status="PASS" starttime="20230704 14:27:45.100" endtime="20230704 14:27:45.100"/>
</kw>
<status status="PASS" starttime="20230704 14:27:45.094" endtime="20230704 14:27:45.100"/>
</iter>
<iter>
<var name="${locator}">&lt;selenium.webdriver.remote.webelement.WebElement (session="40e6d0124b0e966db8bb690f250003bd", element="B71142769EECE51CD6DBD2EEA9F109B8_element_283")&gt;</var>
<kw name="Get Text" library="SeleniumLibrary">
<var>${name}</var>
<arg>${locator}</arg>
<doc>Returns the text value of the element identified by ``locator``.</doc>
<msg timestamp="20230704 14:27:45.105" level="INFO">${name} = 2017</msg>
<status status="PASS" starttime="20230704 14:27:45.100" endtime="20230704 14:27:45.105"/>
</kw>
<kw name="Get Regexp Matches" library="String">
<var>${matches}</var>
<arg>${name}</arg>
<arg>\\d{4}</arg>
<doc>Returns a list of all non-overlapping matches in the given string.</doc>
<msg timestamp="20230704 14:27:45.105" level="INFO">${matches} = ['2017']</msg>
<status status="PASS" starttime="20230704 14:27:45.105" endtime="20230704 14:27:45.105"/>
</kw>
<kw name="Append To List" library="Collections">
<arg>${result}</arg>
<arg>${matches}</arg>
<doc>Adds ``values`` to the end of ``list``.</doc>
<status status="PASS" starttime="20230704 14:27:45.105" endtime="20230704 14:27:45.106"/>
</kw>
<kw name="Evaluate" library="BuiltIn">
<var>${flat}</var>
<arg>[item for sublist in ${result} for item in (sublist if isinstance(sublist, list) else [sublist])]</arg>
<doc>Evaluates the given expression in Python and returns the result.</doc>
<msg timestamp="20230704 14:27:45.106" level="INFO">${flat} = ['2015', '2015', '2017', '2018', '2020', '2018', '2018', '2019', '2021', '2018', '2017']</msg>
<status status="PASS" starttime="20230704 14:27:45.106" endtime="20230704 14:27:45.106"/>
</kw>
<status status="PASS" starttime="20230704 14:27:45.100" endtime="20230704 14:27:45.106"/>
</iter>
<iter>
<var name="${locator}">&lt;selenium.webdriver.remote.webelement.WebElement (session="40e6d0124b0e966db8bb690f250003bd", element="B71142769EECE51CD6DBD2EEA9F109B8_element_284")&gt;</var>
<kw name="Get Text" library="SeleniumLibrary">
<var>${name}</var>
<arg>${locator}</arg>
<doc>Returns the text value of the element identified by ``locator``.</doc>
<msg timestamp="20230704 14:27:45.110" level="INFO">${name} = Schaltgetriebe</msg>
<status status="PASS" starttime="20230704 14:27:45.106" endtime="20230704 14:27:45.110"/>
</kw>
<kw name="Get Regexp Matches" library="String">
<var>${matches}</var>
<arg>${name}</arg>
<arg>\\d{4}</arg>
<doc>Returns a list of all non-overlapping matches in the given string.</doc>
<msg timestamp="20230704 14:27:45.110" level="INFO">${matches} = []</msg>
<status status="PASS" starttime="20230704 14:27:45.110" endtime="20230704 14:27:45.110"/>
</kw>
<kw name="Append To List" library="Collections">
<arg>${result}</arg>
<arg>${matches}</arg>
<doc>Adds ``values`` to the end of ``list``.</doc>
<status status="PASS" starttime="20230704 14:27:45.110" endtime="20230704 14:27:45.111"/>
</kw>
<kw name="Evaluate" library="BuiltIn">
<var>${flat}</var>
<arg>[item for sublist in ${result} for item in (sublist if isinstance(sublist, list) else [sublist])]</arg>
<doc>Evaluates the given expression in Python and returns the result.</doc>
<msg timestamp="20230704 14:27:45.111" level="INFO">${flat} = ['2015', '2015', '2017', '2018', '2020', '2018', '2018', '2019', '2021', '2018', '2017']</msg>
<status status="PASS" starttime="20230704 14:27:45.111" endtime="20230704 14:27:45.111"/>
</kw>
<status status="PASS" starttime="20230704 14:27:45.106" endtime="20230704 14:27:45.111"/>
</iter>
<iter>
<var name="${locator}">&lt;selenium.webdriver.remote.webelement.WebElement (session="40e6d0124b0e966db8bb690f250003bd", element="B71142769EECE51CD6DBD2EEA9F109B8_element_285")&gt;</var>
<kw name="Get Text" library="SeleniumLibrary">
<var>${name}</var>
<arg>${locator}</arg>
<doc>Returns the text value of the element identified by ``locator``.</doc>
<msg timestamp="20230704 14:27:45.115" level="INFO">${name} = 99 g CO2/km (komb.)</msg>
<status status="PASS" starttime="20230704 14:27:45.111" endtime="20230704 14:27:45.115"/>
</kw>
<kw name="Get Regexp Matches" library="String">
<var>${matches}</var>
<arg>${name}</arg>
<arg>\\d{4}</arg>
<doc>Returns a list of all non-overlapping matches in the given string.</doc>
<msg timestamp="20230704 14:27:45.115" level="INFO">${matches} = []</msg>
<status status="PASS" starttime="20230704 14:27:45.115" endtime="20230704 14:27:45.115"/>
</kw>
<kw name="Append To List" library="Collections">
<arg>${result}</arg>
<arg>${matches}</arg>
<doc>Adds ``values`` to the end of ``list``.</doc>
<status status="PASS" starttime="20230704 14:27:45.115" endtime="20230704 14:27:45.115"/>
</kw>
<kw name="Evaluate" library="BuiltIn">
<var>${flat}</var>
<arg>[item for sublist in ${result} for item in (sublist if isinstance(sublist, list) else [sublist])]</arg>
<doc>Evaluates the given expression in Python and returns the result.</doc>
<msg timestamp="20230704 14:27:45.115" level="INFO">${flat} = ['2015', '2015', '2017', '2018', '2020', '2018', '2018', '2019', '2021', '2018', '2017']</msg>
<status status="PASS" starttime="20230704 14:27:45.115" endtime="20230704 14:27:45.115"/>
</kw>
<status status="PASS" starttime="20230704 14:27:45.111" endtime="20230704 14:27:45.115"/>
</iter>
<iter>
<var name="${locator}">&lt;selenium.webdriver.remote.webelement.WebElement (session="40e6d0124b0e966db8bb690f250003bd", element="B71142769EECE51CD6DBD2EEA9F109B8_element_286")&gt;</var>
<kw name="Get Text" library="SeleniumLibrary">
<var>${name}</var>
<arg>${locator}</arg>
<doc>Returns the text value of the element identified by ``locator``.</doc>
<msg timestamp="20230704 14:27:45.119" level="INFO">${name} = 2018</msg>
<status status="PASS" starttime="20230704 14:27:45.116" endtime="20230704 14:27:45.119"/>
</kw>
<kw name="Get Regexp Matches" library="String">
<var>${matches}</var>
<arg>${name}</arg>
<arg>\\d{4}</arg>
<doc>Returns a list of all non-overlapping matches in the given string.</doc>
<msg timestamp="20230704 14:27:45.120" level="INFO">${matches} = ['2018']</msg>
<status status="PASS" starttime="20230704 14:27:45.119" endtime="20230704 14:27:45.120"/>
</kw>
<kw name="Append To List" library="Collections">
<arg>${result}</arg>
<arg>${matches}</arg>
<doc>Adds ``values`` to the end of ``list``.</doc>
<status status="PASS" starttime="20230704 14:27:45.120" endtime="20230704 14:27:45.120"/>
</kw>
<kw name="Evaluate" library="BuiltIn">
<var>${flat}</var>
<arg>[item for sublist in ${result} for item in (sublist if isinstance(sublist, list) else [sublist])]</arg>
<doc>Evaluates the given expression in Python and returns the result.</doc>
<msg timestamp="20230704 14:27:45.120" level="INFO">${flat} = ['2015', '2015', '2017', '2018', '2020', '2018', '2018', '2019', '2021', '2018', '2017', '2018']</msg>
<status status="PASS" starttime="20230704 14:27:45.120" endtime="20230704 14:27:45.120"/>
</kw>
<status status="PASS" starttime="20230704 14:27:45.116" endtime="20230704 14:27:45.120"/>
</iter>
<iter>
<var name="${locator}">&lt;selenium.webdriver.remote.webelement.WebElement (session="40e6d0124b0e966db8bb690f250003bd", element="B71142769EECE51CD6DBD2EEA9F109B8_element_287")&gt;</var>
<kw name="Get Text" library="SeleniumLibrary">
<var>${name}</var>
<arg>${locator}</arg>
<doc>Returns the text value of the element identified by ``locator``.</doc>
<msg timestamp="20230704 14:27:45.126" level="INFO">${name} = Schaltgetriebe</msg>
<status status="PASS" starttime="20230704 14:27:45.120" endtime="20230704 14:27:45.126"/>
</kw>
<kw name="Get Regexp Matches" library="String">
<var>${matches}</var>
<arg>${name}</arg>
<arg>\\d{4}</arg>
<doc>Returns a list of all non-overlapping matches in the given string.</doc>
<msg timestamp="20230704 14:27:45.126" level="INFO">${matches} = []</msg>
<status status="PASS" starttime="20230704 14:27:45.126" endtime="20230704 14:27:45.126"/>
</kw>
<kw name="Append To List" library="Collections">
<arg>${result}</arg>
<arg>${matches}</arg>
<doc>Adds ``values`` to the end of ``list``.</doc>
<status status="PASS" starttime="20230704 14:27:45.126" endtime="20230704 14:27:45.126"/>
</kw>
<kw name="Evaluate" library="BuiltIn">
<var>${flat}</var>
<arg>[item for sublist in ${result} for item in (sublist if isinstance(sublist, list) else [sublist])]</arg>
<doc>Evaluates the given expression in Python and returns the result.</doc>
<msg timestamp="20230704 14:27:45.127" level="INFO">${flat} = ['2015', '2015', '2017', '2018', '2020', '2018', '2018', '2019', '2021', '2018', '2017', '2018']</msg>
<status status="PASS" starttime="20230704 14:27:45.126" endtime="20230704 14:27:45.127"/>
</kw>
<status status="PASS" starttime="20230704 14:27:45.120" endtime="20230704 14:27:45.127"/>
</iter>
<iter>
<var name="${locator}">&lt;selenium.webdriver.remote.webelement.WebElement (session="40e6d0124b0e966db8bb690f250003bd", element="B71142769EECE51CD6DBD2EEA9F109B8_element_288")&gt;</var>
<kw name="Get Text" library="SeleniumLibrary">
<var>${name}</var>
<arg>${locator}</arg>
<doc>Returns the text value of the element identified by ``locator``.</doc>
<msg timestamp="20230704 14:27:45.131" level="INFO">${name} = 122 g CO2/km (komb.)</msg>
<status status="PASS" starttime="20230704 14:27:45.127" endtime="20230704 14:27:45.131"/>
</kw>
<kw name="Get Regexp Matches" library="String">
<var>${matches}</var>
<arg>${name}</arg>
<arg>\\d{4}</arg>
<doc>Returns a list of all non-overlapping matches in the given string.</doc>
<msg timestamp="20230704 14:27:45.131" level="INFO">${matches} = []</msg>
<status status="PASS" starttime="20230704 14:27:45.131" endtime="20230704 14:27:45.131"/>
</kw>
<kw name="Append To List" library="Collections">
<arg>${result}</arg>
<arg>${matches}</arg>
<doc>Adds ``values`` to the end of ``list``.</doc>
<status status="PASS" starttime="20230704 14:27:45.131" endtime="20230704 14:27:45.131"/>
</kw>
<kw name="Evaluate" library="BuiltIn">
<var>${flat}</var>
<arg>[item for sublist in ${result} for item in (sublist if isinstance(sublist, list) else [sublist])]</arg>
<doc>Evaluates the given expression in Python and returns the result.</doc>
<msg timestamp="20230704 14:27:45.132" level="INFO">${flat} = ['2015', '2015', '2017', '2018', '2020', '2018', '2018', '2019', '2021', '2018', '2017', '2018']</msg>
<status status="PASS" starttime="20230704 14:27:45.131" endtime="20230704 14:27:45.132"/>
</kw>
<status status="PASS" starttime="20230704 14:27:45.127" endtime="20230704 14:27:45.132"/>
</iter>
<iter>
<var name="${locator}">&lt;selenium.webdriver.remote.webelement.WebElement (session="40e6d0124b0e966db8bb690f250003bd", element="B71142769EECE51CD6DBD2EEA9F109B8_element_289")&gt;</var>
<kw name="Get Text" library="SeleniumLibrary">
<var>${name}</var>
<arg>${locator}</arg>
<doc>Returns the text value of the element identified by ``locator``.</doc>
<msg timestamp="20230704 14:27:45.136" level="INFO">${name} = 2016</msg>
<status status="PASS" starttime="20230704 14:27:45.132" endtime="20230704 14:27:45.136"/>
</kw>
<kw name="Get Regexp Matches" library="String">
<var>${matches}</var>
<arg>${name}</arg>
<arg>\\d{4}</arg>
<doc>Returns a list of all non-overlapping matches in the given string.</doc>
<msg timestamp="20230704 14:27:45.136" level="INFO">${matches} = ['2016']</msg>
<status status="PASS" starttime="20230704 14:27:45.136" endtime="20230704 14:27:45.136"/>
</kw>
<kw name="Append To List" library="Collections">
<arg>${result}</arg>
<arg>${matches}</arg>
<doc>Adds ``values`` to the end of ``list``.</doc>
<status status="PASS" starttime="20230704 14:27:45.136" endtime="20230704 14:27:45.137"/>
</kw>
<kw name="Evaluate" library="BuiltIn">
<var>${flat}</var>
<arg>[item for sublist in ${result} for item in (sublist if isinstance(sublist, list) else [sublist])]</arg>
<doc>Evaluates the given expression in Python and returns the result.</doc>
<msg timestamp="20230704 14:27:45.137" level="INFO">${flat} = ['2015', '2015', '2017', '2018', '2020', '2018', '2018', '2019', '2021', '2018', '2017', '2018', '2016']</msg>
<status status="PASS" starttime="20230704 14:27:45.137" endtime="20230704 14:27:45.137"/>
</kw>
<status status="PASS" starttime="20230704 14:27:45.132" endtime="20230704 14:27:45.137"/>
</iter>
<iter>
<var name="${locator}">&lt;selenium.webdriver.remote.webelement.WebElement (session="40e6d0124b0e966db8bb690f250003bd", element="B71142769EECE51CD6DBD2EEA9F109B8_element_290")&gt;</var>
<kw name="Get Text" library="SeleniumLibrary">
<var>${name}</var>
<arg>${locator}</arg>
<doc>Returns the text value of the element identified by ``locator``.</doc>
<msg timestamp="20230704 14:27:45.142" level="INFO">${name} = Schaltgetriebe</msg>
<status status="PASS" starttime="20230704 14:27:45.137" endtime="20230704 14:27:45.142"/>
</kw>
<kw name="Get Regexp Matches" library="String">
<var>${matches}</var>
<arg>${name}</arg>
<arg>\\d{4}</arg>
<doc>Returns a list of all non-overlapping matches in the given string.</doc>
<msg timestamp="20230704 14:27:45.143" level="INFO">${matches} = []</msg>
<status status="PASS" starttime="20230704 14:27:45.142" endtime="20230704 14:27:45.143"/>
</kw>
<kw name="Append To List" library="Collections">
<arg>${result}</arg>
<arg>${matches}</arg>
<doc>Adds ``values`` to the end of ``list``.</doc>
<status status="PASS" starttime="20230704 14:27:45.143" endtime="20230704 14:27:45.143"/>
</kw>
<kw name="Evaluate" library="BuiltIn">
<var>${flat}</var>
<arg>[item for sublist in ${result} for item in (sublist if isinstance(sublist, list) else [sublist])]</arg>
<doc>Evaluates the given expression in Python and returns the result.</doc>
<msg timestamp="20230704 14:27:45.143" level="INFO">${flat} = ['2015', '2015', '2017', '2018', '2020', '2018', '2018', '2019', '2021', '2018', '2017', '2018', '2016']</msg>
<status status="PASS" starttime="20230704 14:27:45.143" endtime="20230704 14:27:45.143"/>
</kw>
<status status="PASS" starttime="20230704 14:27:45.137" endtime="20230704 14:27:45.143"/>
</iter>
<iter>
<var name="${locator}">&lt;selenium.webdriver.remote.webelement.WebElement (session="40e6d0124b0e966db8bb690f250003bd", element="B71142769EECE51CD6DBD2EEA9F109B8_element_291")&gt;</var>
<kw name="Get Text" library="SeleniumLibrary">
<var>${name}</var>
<arg>${locator}</arg>
<doc>Returns the text value of the element identified by ``locator``.</doc>
<msg timestamp="20230704 14:27:45.148" level="INFO">${name} = 118 g CO2/km (komb.)</msg>
<status status="PASS" starttime="20230704 14:27:45.143" endtime="20230704 14:27:45.148"/>
</kw>
<kw name="Get Regexp Matches" library="String">
<var>${matches}</var>
<arg>${name}</arg>
<arg>\\d{4}</arg>
<doc>Returns a list of all non-overlapping matches in the given string.</doc>
<msg timestamp="20230704 14:27:45.148" level="INFO">${matches} = []</msg>
<status status="PASS" starttime="20230704 14:27:45.148" endtime="20230704 14:27:45.148"/>
</kw>
<kw name="Append To List" library="Collections">
<arg>${result}</arg>
<arg>${matches}</arg>
<doc>Adds ``values`` to the end of ``list``.</doc>
<status status="PASS" starttime="20230704 14:27:45.148" endtime="20230704 14:27:45.148"/>
</kw>
<kw name="Evaluate" library="BuiltIn">
<var>${flat}</var>
<arg>[item for sublist in ${result} for item in (sublist if isinstance(sublist, list) else [sublist])]</arg>
<doc>Evaluates the given expression in Python and returns the result.</doc>
<msg timestamp="20230704 14:27:45.148" level="INFO">${flat} = ['2015', '2015', '2017', '2018', '2020', '2018', '2018', '2019', '2021', '2018', '2017', '2018', '2016']</msg>
<status status="PASS" starttime="20230704 14:27:45.148" endtime="20230704 14:27:45.148"/>
</kw>
<status status="PASS" starttime="20230704 14:27:45.143" endtime="20230704 14:27:45.148"/>
</iter>
<iter>
<var name="${locator}">&lt;selenium.webdriver.remote.webelement.WebElement (session="40e6d0124b0e966db8bb690f250003bd", element="B71142769EECE51CD6DBD2EEA9F109B8_element_292")&gt;</var>
<kw name="Get Text" library="SeleniumLibrary">
<var>${name}</var>
<arg>${locator}</arg>
<doc>Returns the text value of the element identified by ``locator``.</doc>
<msg timestamp="20230704 14:27:45.153" level="INFO">${name} = 2017</msg>
<status status="PASS" starttime="20230704 14:27:45.149" endtime="20230704 14:27:45.153"/>
</kw>
<kw name="Get Regexp Matches" library="String">
<var>${matches}</var>
<arg>${name}</arg>
<arg>\\d{4}</arg>
<doc>Returns a list of all non-overlapping matches in the given string.</doc>
<msg timestamp="20230704 14:27:45.153" level="INFO">${matches} = ['2017']</msg>
<status status="PASS" starttime="20230704 14:27:45.153" endtime="20230704 14:27:45.153"/>
</kw>
<kw name="Append To List" library="Collections">
<arg>${result}</arg>
<arg>${matches}</arg>
<doc>Adds ``values`` to the end of ``list``.</doc>
<status status="PASS" starttime="20230704 14:27:45.153" endtime="20230704 14:27:45.153"/>
</kw>
<kw name="Evaluate" library="BuiltIn">
<var>${flat}</var>
<arg>[item for sublist in ${result} for item in (sublist if isinstance(sublist, list) else [sublist])]</arg>
<doc>Evaluates the given expression in Python and returns the result.</doc>
<msg timestamp="20230704 14:27:45.153" level="INFO">${flat} = ['2015', '2015', '2017', '2018', '2020', '2018', '2018', '2019', '2021', '2018', '2017', '2018', '2016', '2017']</msg>
<status status="PASS" starttime="20230704 14:27:45.153" endtime="20230704 14:27:45.153"/>
</kw>
<status status="PASS" starttime="20230704 14:27:45.148" endtime="20230704 14:27:45.153"/>
</iter>
<iter>
<var name="${locator}">&lt;selenium.webdriver.remote.webelement.WebElement (session="40e6d0124b0e966db8bb690f250003bd", element="B71142769EECE51CD6DBD2EEA9F109B8_element_293")&gt;</var>
<kw name="Get Text" library="SeleniumLibrary">
<var>${name}</var>
<arg>${locator}</arg>
<doc>Returns the text value of the element identified by ``locator``.</doc>
<msg timestamp="20230704 14:27:45.159" level="INFO">${name} = Automatik</msg>
<status status="PASS" starttime="20230704 14:27:45.154" endtime="20230704 14:27:45.159"/>
</kw>
<kw name="Get Regexp Matches" library="String">
<var>${matches}</var>
<arg>${name}</arg>
<arg>\\d{4}</arg>
<doc>Returns a list of all non-overlapping matches in the given string.</doc>
<msg timestamp="20230704 14:27:45.160" level="INFO">${matches} = []</msg>
<status status="PASS" starttime="20230704 14:27:45.159" endtime="20230704 14:27:45.160"/>
</kw>
<kw name="Append To List" library="Collections">
<arg>${result}</arg>
<arg>${matches}</arg>
<doc>Adds ``values`` to the end of ``list``.</doc>
<status status="PASS" starttime="20230704 14:27:45.160" endtime="20230704 14:27:45.160"/>
</kw>
<kw name="Evaluate" library="BuiltIn">
<var>${flat}</var>
<arg>[item for sublist in ${result} for item in (sublist if isinstance(sublist, list) else [sublist])]</arg>
<doc>Evaluates the given expression in Python and returns the result.</doc>
<msg timestamp="20230704 14:27:45.160" level="INFO">${flat} = ['2015', '2015', '2017', '2018', '2020', '2018', '2018', '2019', '2021', '2018', '2017', '2018', '2016', '2017']</msg>
<status status="PASS" starttime="20230704 14:27:45.160" endtime="20230704 14:27:45.160"/>
</kw>
<status status="PASS" starttime="20230704 14:27:45.154" endtime="20230704 14:27:45.160"/>
</iter>
<iter>
<var name="${locator}">&lt;selenium.webdriver.remote.webelement.WebElement (session="40e6d0124b0e966db8bb690f250003bd", element="B71142769EECE51CD6DBD2EEA9F109B8_element_294")&gt;</var>
<kw name="Get Text" library="SeleniumLibrary">
<var>${name}</var>
<arg>${locator}</arg>
<doc>Returns the text value of the element identified by ``locator``.</doc>
<msg timestamp="20230704 14:27:45.165" level="INFO">${name} = 128 g CO2/km (komb.)</msg>
<status status="PASS" starttime="20230704 14:27:45.160" endtime="20230704 14:27:45.165"/>
</kw>
<kw name="Get Regexp Matches" library="String">
<var>${matches}</var>
<arg>${name}</arg>
<arg>\\d{4}</arg>
<doc>Returns a list of all non-overlapping matches in the given string.</doc>
<msg timestamp="20230704 14:27:45.165" level="INFO">${matches} = []</msg>
<status status="PASS" starttime="20230704 14:27:45.165" endtime="20230704 14:27:45.165"/>
</kw>
<kw name="Append To List" library="Collections">
<arg>${result}</arg>
<arg>${matches}</arg>
<doc>Adds ``values`` to the end of ``list``.</doc>
<status status="PASS" starttime="20230704 14:27:45.165" endtime="20230704 14:27:45.165"/>
</kw>
<kw name="Evaluate" library="BuiltIn">
<var>${flat}</var>
<arg>[item for sublist in ${result} for item in (sublist if isinstance(sublist, list) else [sublist])]</arg>
<doc>Evaluates the given expression in Python and returns the result.</doc>
<msg timestamp="20230704 14:27:45.166" level="INFO">${flat} = ['2015', '2015', '2017', '2018', '2020', '2018', '2018', '2019', '2021', '2018', '2017', '2018', '2016', '2017']</msg>
<status status="PASS" starttime="20230704 14:27:45.166" endtime="20230704 14:27:45.166"/>
</kw>
<status status="PASS" starttime="20230704 14:27:45.160" endtime="20230704 14:27:45.166"/>
</iter>
<iter>
<var name="${locator}">&lt;selenium.webdriver.remote.webelement.WebElement (session="40e6d0124b0e966db8bb690f250003bd", element="B71142769EECE51CD6DBD2EEA9F109B8_element_295")&gt;</var>
<kw name="Get Text" library="SeleniumLibrary">
<var>${name}</var>
<arg>${locator}</arg>
<doc>Returns the text value of the element identified by ``locator``.</doc>
<msg timestamp="20230704 14:27:45.170" level="INFO">${name} = 2018</msg>
<status status="PASS" starttime="20230704 14:27:45.166" endtime="20230704 14:27:45.170"/>
</kw>
<kw name="Get Regexp Matches" library="String">
<var>${matches}</var>
<arg>${name}</arg>
<arg>\\d{4}</arg>
<doc>Returns a list of all non-overlapping matches in the given string.</doc>
<msg timestamp="20230704 14:27:45.170" level="INFO">${matches} = ['2018']</msg>
<status status="PASS" starttime="20230704 14:27:45.170" endtime="20230704 14:27:45.170"/>
</kw>
<kw name="Append To List" library="Collections">
<arg>${result}</arg>
<arg>${matches}</arg>
<doc>Adds ``values`` to the end of ``list``.</doc>
<status status="PASS" starttime="20230704 14:27:45.170" endtime="20230704 14:27:45.170"/>
</kw>
<kw name="Evaluate" library="BuiltIn">
<var>${flat}</var>
<arg>[item for sublist in ${result} for item in (sublist if isinstance(sublist, list) else [sublist])]</arg>
<doc>Evaluates the given expression in Python and returns the result.</doc>
<msg timestamp="20230704 14:27:45.171" level="INFO">${flat} = ['2015', '2015', '2017', '2018', '2020', '2018', '2018', '2019', '2021', '2018', '2017', '2018', '2016', '2017', '2018']</msg>
<status status="PASS" starttime="20230704 14:27:45.170" endtime="20230704 14:27:45.171"/>
</kw>
<status status="PASS" starttime="20230704 14:27:45.166" endtime="20230704 14:27:45.171"/>
</iter>
<iter>
<var name="${locator}">&lt;selenium.webdriver.remote.webelement.WebElement (session="40e6d0124b0e966db8bb690f250003bd", element="B71142769EECE51CD6DBD2EEA9F109B8_element_296")&gt;</var>
<kw name="Get Text" library="SeleniumLibrary">
<var>${name}</var>
<arg>${locator}</arg>
<doc>Returns the text value of the element identified by ``locator``.</doc>
<msg timestamp="20230704 14:27:45.175" level="INFO">${name} = Automatik</msg>
<status status="PASS" starttime="20230704 14:27:45.171" endtime="20230704 14:27:45.175"/>
</kw>
<kw name="Get Regexp Matches" library="String">
<var>${matches}</var>
<arg>${name}</arg>
<arg>\\d{4}</arg>
<doc>Returns a list of all non-overlapping matches in the given string.</doc>
<msg timestamp="20230704 14:27:45.176" level="INFO">${matches} = []</msg>
<status status="PASS" starttime="20230704 14:27:45.175" endtime="20230704 14:27:45.176"/>
</kw>
<kw name="Append To List" library="Collections">
[...]
<kw name="Fail" library="BuiltIn">
<doc>Fails the test with the given message and optionally alters its tags.</doc>
<status status="NOT RUN" starttime="20230704 14:27:45.266" endtime="20230704 14:27:45.266"/>
</kw>
<status status="NOT RUN" starttime="20230704 14:27:45.266" endtime="20230704 14:27:45.266"/>
</branch>
<status status="PASS" starttime="20230704 14:27:45.265" endtime="20230704 14:27:45.266"/>
</if>
<status status="PASS" starttime="20230704 14:27:45.265" endtime="20230704 14:27:45.266"/>
</iter>
<iter>
<var name="${locator}">2020</var>
<kw name="Log" library="BuiltIn">
<arg>${locator}</arg>
<doc>Logs the given message with the given level.</doc>
<msg timestamp="20230704 14:27:45.266" level="INFO">2020</msg>
<status status="PASS" starttime="20230704 14:27:45.266" endtime="20230704 14:27:45.266"/>
</kw>
<if>
<branch type="IF" condition="${locator} &gt;= ${numbs}">
<continue>
<status status="PASS" starttime="20230704 14:27:45.266" endtime="20230704 14:27:45.266"/>
</continue>
<status status="PASS" starttime="20230704 14:27:45.266" endtime="20230704 14:27:45.266"/>
</branch>
<branch type="ELSE">
<kw name="Fail" library="BuiltIn">
<doc>Fails the test with the given message and optionally alters its tags.</doc>
<status status="NOT RUN" starttime="20230704 14:27:45.266" endtime="20230704 14:27:45.266"/>
</kw>
<status status="NOT RUN" starttime="20230704 14:27:45.266" endtime="20230704 14:27:45.266"/>
</branch>
<status status="PASS" starttime="20230704 14:27:45.266" endtime="20230704 14:27:45.266"/>
</if>
<status status="PASS" starttime="20230704 14:27:45.266" endtime="20230704 14:27:45.266"/>
</iter>
<iter>
<var name="${locator}">2018</var>
<kw name="Log" library="BuiltIn">
<arg>${locator}</arg>
<doc>Logs the given message with the given level.</doc>
<msg timestamp="20230704 14:27:45.266" level="INFO">2018</msg>
<status status="PASS" starttime="20230704 14:27:45.266" endtime="20230704 14:27:45.266"/>
</kw>
<if>
<branch type="IF" condition="${locator} &gt;= ${numbs}">
<continue>
<status status="PASS" starttime="20230704 14:27:45.266" endtime="20230704 14:27:45.266"/>
</continue>
<status status="PASS" starttime="20230704 14:27:45.266" endtime="20230704 14:27:45.266"/>
</branch>
<branch type="ELSE">
<kw name="Fail" library="BuiltIn">
<doc>Fails the test with the given message and optionally alters its tags.</doc>
<status status="NOT RUN" starttime="20230704 14:27:45.267" endtime="20230704 14:27:45.267"/>
</kw>
<status status="NOT RUN" starttime="20230704 14:27:45.266" endtime="20230704 14:27:45.267"/>
</branch>
<status status="PASS" starttime="20230704 14:27:45.266" endtime="20230704 14:27:45.267"/>
</if>
<status status="PASS" starttime="20230704 14:27:45.266" endtime="20230704 14:27:45.267"/>
</iter>
<iter>
<var name="${locator}">2018</var>
<kw name="Log" library="BuiltIn">
<arg>${locator}</arg>
<doc>Logs the given message with the given level.</doc>
<msg timestamp="20230704 14:27:45.267" level="INFO">2018</msg>
<status status="PASS" starttime="20230704 14:27:45.267" endtime="20230704 14:27:45.267"/>
</kw>
<if>
<branch type="IF" condition="${locator} &gt;= ${numbs}">
<continue>
<status status="PASS" starttime="20230704 14:27:45.267" endtime="20230704 14:27:45.267"/>
</continue>
<status status="PASS" starttime="20230704 14:27:45.267" endtime="20230704 14:27:45.267"/>
</branch>
<branch type="ELSE">
<kw name="Fail" library="BuiltIn">
<doc>Fails the test with the given message and optionally alters its tags.</doc>
<status status="NOT RUN" starttime="20230704 14:27:45.267" endtime="20230704 14:27:45.267"/>
</kw>
<status status="NOT RUN" starttime="20230704 14:27:45.267" endtime="20230704 14:27:45.267"/>
</branch>
<status status="PASS" starttime="20230704 14:27:45.267" endtime="20230704 14:27:45.267"/>
</if>
<status status="PASS" starttime="20230704 14:27:45.267" endtime="20230704 14:27:45.267"/>
</iter>
<iter>
<var name="${locator}">2019</var>
<kw name="Log" library="BuiltIn">
<arg>${locator}</arg>
<doc>Logs the given message with the given level.</doc>
<msg timestamp="20230704 14:27:45.267" level="INFO">2019</msg>
<status status="PASS" starttime="20230704 14:27:45.267" endtime="20230704 14:27:45.267"/>
</kw>
<if>
<branch type="IF" condition="${locator} &gt;= ${numbs}">
<continue>
<status status="PASS" starttime="20230704 14:27:45.267" endtime="20230704 14:27:45.267"/>
</continue>
<status status="PASS" starttime="20230704 14:27:45.267" endtime="20230704 14:27:45.267"/>
</branch>
<branch type="ELSE">
<kw name="Fail" library="BuiltIn">
<doc>Fails the test with the given message and optionally alters its tags.</doc>
<status status="NOT RUN" starttime="20230704 14:27:45.267" endtime="20230704 14:27:45.267"/>
</kw>
<status status="NOT RUN" starttime="20230704 14:27:45.267" endtime="20230704 14:27:45.267"/>
</branch>
<status status="PASS" starttime="20230704 14:27:45.267" endtime="20230704 14:27:45.267"/>
</if>
<status status="PASS" starttime="20230704 14:27:45.267" endtime="20230704 14:27:45.267"/>
</iter>
<iter>
<var name="${locator}">2021</var>
<kw name="Log" library="BuiltIn">
<arg>${locator}</arg>
<doc>Logs the given message with the given level.</doc>
<msg timestamp="20230704 14:27:45.268" level="INFO">2021</msg>
<status status="PASS" starttime="20230704 14:27:45.267" endtime="20230704 14:27:45.268"/>
</kw>
<if>
<branch type="IF" condition="${locator} &gt;= ${numbs}">
<continue>
<status status="PASS" starttime="20230704 14:27:45.268" endtime="20230704 14:27:45.268"/>
</continue>
<status status="PASS" starttime="20230704 14:27:45.268" endtime="20230704 14:27:45.268"/>
</branch>
<branch type="ELSE">
<kw name="Fail" library="BuiltIn">
<doc>Fails the test with the given message and optionally alters its tags.</doc>
<status status="NOT RUN" starttime="20230704 14:27:45.268" endtime="20230704 14:27:45.268"/>
</kw>
<status status="NOT RUN" starttime="20230704 14:27:45.268" endtime="20230704 14:27:45.268"/>
</branch>
<status status="PASS" starttime="20230704 14:27:45.268" endtime="20230704 14:27:45.268"/>
</if>
<status status="PASS" starttime="20230704 14:27:45.267" endtime="20230704 14:27:45.268"/>
</iter>
<iter>
<var name="${locator}">2018</var>
<kw name="Log" library="BuiltIn">
<arg>${locator}</arg>
<doc>Logs the given message with the given level.</doc>
<msg timestamp="20230704 14:27:45.268" level="INFO">2018</msg>
<status status="PASS" starttime="20230704 14:27:45.268" endtime="20230704 14:27:45.268"/>
</kw>
<if>
<branch type="IF" condition="${locator} &gt;= ${numbs}">
<continue>
<status status="PASS" starttime="20230704 14:27:45.268" endtime="20230704 14:27:45.268"/>
</continue>
<status status="PASS" starttime="20230704 14:27:45.268" endtime="20230704 14:27:45.268"/>
</branch>
<branch type="ELSE">
<kw name="Fail" library="BuiltIn">
<doc>Fails the test with the given message and optionally alters its tags.</doc>
<status status="NOT RUN" starttime="20230704 14:27:45.268" endtime="20230704 14:27:45.268"/>
</kw>
<status status="NOT RUN" starttime="20230704 14:27:45.268" endtime="20230704 14:27:45.268"/>
</branch>
<status status="PASS" starttime="20230704 14:27:45.268" endtime="20230704 14:27:45.268"/>
</if>
<status status="PASS" starttime="20230704 14:27:45.268" endtime="20230704 14:27:45.268"/>
</iter>
<iter>
<var name="${locator}">2017</var>
<kw name="Log" library="BuiltIn">
<arg>${locator}</arg>
<doc>Logs the given message with the given level.</doc>
<msg timestamp="20230704 14:27:45.268" level="INFO">2017</msg>
<status status="PASS" starttime="20230704 14:27:45.268" endtime="20230704 14:27:45.269"/>
</kw>
<if>
<branch type="IF" condition="${locator} &gt;= ${numbs}">
<continue>
<status status="PASS" starttime="20230704 14:27:45.269" endtime="20230704 14:27:45.269"/>
</continue>
<status status="PASS" starttime="20230704 14:27:45.269" endtime="20230704 14:27:45.269"/>
</branch>
<branch type="ELSE">
<kw name="Fail" library="BuiltIn">
<doc>Fails the test with the given message and optionally alters its tags.</doc>
<status status="NOT RUN" starttime="20230704 14:27:45.269" endtime="20230704 14:27:45.269"/>
</kw>
<status status="NOT RUN" starttime="20230704 14:27:45.269" endtime="20230704 14:27:45.269"/>
</branch>
<status status="PASS" starttime="20230704 14:27:45.269" endtime="20230704 14:27:45.269"/>
</if>
<status status="PASS" starttime="20230704 14:27:45.268" endtime="20230704 14:27:45.269"/>
</iter>
<iter>
<var name="${locator}">2018</var>
<kw name="Log" library="BuiltIn">
<arg>${locator}</arg>
<doc>Logs the given message with the given level.</doc>
<msg timestamp="20230704 14:27:45.269" level="INFO">2018</msg>
<status status="PASS" starttime="20230704 14:27:45.269" endtime="20230704 14:27:45.269"/>
</kw>
<if>
<branch type="IF" condition="${locator} &gt;= ${numbs}">
<continue>
<status status="PASS" starttime="20230704 14:27:45.269" endtime="20230704 14:27:45.269"/>
</continue>
<status status="PASS" starttime="20230704 14:27:45.269" endtime="20230704 14:27:45.269"/>
</branch>
<branch type="ELSE">
<kw name="Fail" library="BuiltIn">
<doc>Fails the test with the given message and optionally alters its tags.</doc>
<status status="NOT RUN" starttime="20230704 14:27:45.269" endtime="20230704 14:27:45.269"/>
</kw>
<status status="NOT RUN" starttime="20230704 14:27:45.269" endtime="20230704 14:27:45.269"/>
</branch>
<status status="PASS" starttime="20230704 14:27:45.269" endtime="20230704 14:27:45.269"/>
</if>
<status status="PASS" starttime="20230704 14:27:45.269" endtime="20230704 14:27:45.269"/>
</iter>
<iter>
<var name="${locator}">2016</var>
<kw name="Log" library="BuiltIn">
<arg>${locator}</arg>
<doc>Logs the given message with the given level.</doc>
<msg timestamp="20230704 14:27:45.269" level="INFO">2016</msg>
<status status="PASS" starttime="20230704 14:27:45.269" endtime="20230704 14:27:45.270"/>
</kw>
<if>
<branch type="IF" condition="${locator} &gt;= ${numbs}">
<continue>
<status status="PASS" starttime="20230704 14:27:45.270" endtime="20230704 14:27:45.270"/>
</continue>
<status status="PASS" starttime="20230704 14:27:45.270" endtime="20230704 14:27:45.270"/>
</branch>
<branch type="ELSE">
<kw name="Fail" library="BuiltIn">
<doc>Fails the test with the given message and optionally alters its tags.</doc>
<status status="NOT RUN" starttime="20230704 14:27:45.270" endtime="20230704 14:27:45.270"/>
</kw>
<status status="NOT RUN" starttime="20230704 14:27:45.270" endtime="20230704 14:27:45.270"/>
</branch>
<status status="PASS" starttime="20230704 14:27:45.270" endtime="20230704 14:27:45.270"/>
</if>
<status status="PASS" starttime="20230704 14:27:45.269" endtime="20230704 14:27:45.270"/>
</iter>
<iter>
<var name="${locator}">2017</var>
<kw name="Log" library="BuiltIn">
<arg>${locator}</arg>
<doc>Logs the given message with the given level.</doc>
<msg timestamp="20230704 14:27:45.270" level="INFO">2017</msg>
<status status="PASS" starttime="20230704 14:27:45.270" endtime="20230704 14:27:45.270"/>
</kw>
<if>
<branch type="IF" condition="${locator} &gt;= ${numbs}">
<continue>
<status status="PASS" starttime="20230704 14:27:45.270" endtime="20230704 14:27:45.270"/>
</continue>
<status status="PASS" starttime="20230704 14:27:45.270" endtime="20230704 14:27:45.270"/>
</branch>
<branch type="ELSE">
<kw name="Fail" library="BuiltIn">
<doc>Fails the test with the given message and optionally alters its tags.</doc>
<status status="NOT RUN" starttime="20230704 14:27:45.270" endtime="20230704 14:27:45.270"/>
</kw>
<status status="NOT RUN" starttime="20230704 14:27:45.270" endtime="20230704 14:27:45.270"/>
</branch>
<status status="PASS" starttime="20230704 14:27:45.270" endtime="20230704 14:27:45.270"/>
</if>
<status status="PASS" starttime="20230704 14:27:45.270" endtime="20230704 14:27:45.270"/>
</iter>
<iter>
<var name="${locator}">2018</var>
<kw name="Log" library="BuiltIn">
<arg>${locator}</arg>
<doc>Logs the given message with the given level.</doc>
<msg timestamp="20230704 14:27:45.270" level="INFO">2018</msg>
<status status="PASS" starttime="20230704 14:27:45.270" endtime="20230704 14:27:45.270"/>
</kw>
<if>
<branch type="IF" condition="${locator} &gt;= ${numbs}">
<continue>
<status status="PASS" starttime="20230704 14:27:45.270" endtime="20230704 14:27:45.271"/>
</continue>
<status status="PASS" starttime="20230704 14:27:45.270" endtime="20230704 14:27:45.271"/>
</branch>
<branch type="ELSE">
<kw name="Fail" library="BuiltIn">
<doc>Fails the test with the given message and optionally alters its tags.</doc>
<status status="NOT RUN" starttime="20230704 14:27:45.271" endtime="20230704 14:27:45.271"/>
</kw>
<status status="NOT RUN" starttime="20230704 14:27:45.271" endtime="20230704 14:27:45.271"/>
</branch>
<status status="PASS" starttime="20230704 14:27:45.270" endtime="20230704 14:27:45.271"/>
</if>
<status status="PASS" starttime="20230704 14:27:45.270" endtime="20230704 14:27:45.271"/>
</iter>
<iter>
<var name="${locator}">2018</var>
<kw name="Log" library="BuiltIn">
<arg>${locator}</arg>
<doc>Logs the given message with the given level.</doc>
<msg timestamp="20230704 14:27:45.271" level="INFO">2018</msg>
<status status="PASS" starttime="20230704 14:27:45.271" endtime="20230704 14:27:45.271"/>
</kw>
<if>
<branch type="IF" condition="${locator} &gt;= ${numbs}">
<continue>
<status status="PASS" starttime="20230704 14:27:45.271" endtime="20230704 14:27:45.271"/>
</continue>
<status status="PASS" starttime="20230704 14:27:45.271" endtime="20230704 14:27:45.271"/>
</branch>
<branch type="ELSE">
<kw name="Fail" library="BuiltIn">
<doc>Fails the test with the given message and optionally alters its tags.</doc>
<status status="NOT RUN" starttime="20230704 14:27:45.271" endtime="20230704 14:27:45.271"/>
</kw>
<status status="NOT RUN" starttime="20230704 14:27:45.271" endtime="20230704 14:27:45.271"/>
</branch>
<status status="PASS" starttime="20230704 14:27:45.271" endtime="20230704 14:27:45.271"/>
</if>
<status status="PASS" starttime="20230704 14:27:45.271" endtime="20230704 14:27:45.271"/>
</iter>
<iter>
<var name="${locator}">2017</var>
<kw name="Log" library="BuiltIn">
<arg>${locator}</arg>
<doc>Logs the given message with the given level.</doc>
<msg timestamp="20230704 14:27:45.271" level="INFO">2017</msg>
<status status="PASS" starttime="20230704 14:27:45.271" endtime="20230704 14:27:45.271"/>
</kw>
<if>
<branch type="IF" condition="${locator} &gt;= ${numbs}">
<continue>
<status status="PASS" starttime="20230704 14:27:45.271" endtime="20230704 14:27:45.271"/>
</continue>
<status status="PASS" starttime="20230704 14:27:45.271" endtime="20230704 14:27:45.271"/>
</branch>
<branch type="ELSE">
<kw name="Fail" library="BuiltIn">
<doc>Fails the test with the given message and optionally alters its tags.</doc>
<status status="NOT RUN" starttime="20230704 14:27:45.272" endtime="20230704 14:27:45.272"/>
</kw>
<status status="NOT RUN" starttime="20230704 14:27:45.271" endtime="20230704 14:27:45.272"/>
</branch>
<status status="PASS" starttime="20230704 14:27:45.271" endtime="20230704 14:27:45.272"/>
</if>
<status status="PASS" starttime="20230704 14:27:45.271" endtime="20230704 14:27:45.272"/>
</iter>
<iter>
<var name="${locator}">2019</var>
<kw name="Log" library="BuiltIn">
<arg>${locator}</arg>
<doc>Logs the given message with the given level.</doc>
<msg timestamp="20230704 14:27:45.272" level="INFO">2019</msg>
<status status="PASS" starttime="20230704 14:27:45.272" endtime="20230704 14:27:45.272"/>
</kw>
<if>
<branch type="IF" condition="${locator} &gt;= ${numbs}">
<continue>
<status status="PASS" starttime="20230704 14:27:45.272" endtime="20230704 14:27:45.272"/>
</continue>
<status status="PASS" starttime="20230704 14:27:45.272" endtime="20230704 14:27:45.272"/>
</branch>
<branch type="ELSE">
<kw name="Fail" library="BuiltIn">
<doc>Fails the test with the given message and optionally alters its tags.</doc>
<status status="NOT RUN" starttime="20230704 14:27:45.272" endtime="20230704 14:27:45.272"/>
</kw>
<status status="NOT RUN" starttime="20230704 14:27:45.272" endtime="20230704 14:27:45.272"/>
</branch>
<status status="PASS" starttime="20230704 14:27:45.272" endtime="20230704 14:27:45.272"/>
</if>
<status status="PASS" starttime="20230704 14:27:45.272" endtime="20230704 14:27:45.272"/>
</iter>
<iter>
<var name="${locator}">2021</var>
<kw name="Log" library="BuiltIn">
<arg>${locator}</arg>
<doc>Logs the given message with the given level.</doc>
<msg timestamp="20230704 14:27:45.272" level="INFO">2021</msg>
<status status="PASS" starttime="20230704 14:27:45.272" endtime="20230704 14:27:45.272"/>
</kw>
<if>
<branch type="IF" condition="${locator} &gt;= ${numbs}">
<continue>
<status status="PASS" starttime="20230704 14:27:45.272" endtime="20230704 14:27:45.272"/>
</continue>
<status status="PASS" starttime="20230704 14:27:45.272" endtime="20230704 14:27:45.272"/>
</branch>
<branch type="ELSE">
<kw name="Fail" library="BuiltIn">
<doc>Fails the test with the given message and optionally alters its tags.</doc>
<status status="NOT RUN" starttime="20230704 14:27:45.272" endtime="20230704 14:27:45.272"/>
</kw>
<status status="NOT RUN" starttime="20230704 14:27:45.272" endtime="20230704 14:27:45.272"/>
</branch>
<status status="PASS" starttime="20230704 14:27:45.272" endtime="20230704 14:27:45.272"/>
</if>
<status status="PASS" starttime="20230704 14:27:45.272" endtime="20230704 14:27:45.272"/>
</iter>
<iter>
<var name="${locator}">2017</var>
<kw name="Log" library="BuiltIn">
<arg>${locator}</arg>
<doc>Logs the given message with the given level.</doc>
<msg timestamp="20230704 14:27:45.273" level="INFO">2017</msg>
<status status="PASS" starttime="20230704 14:27:45.273" endtime="20230704 14:27:45.273"/>
</kw>
<if>
<branch type="IF" condition="${locator} &gt;= ${numbs}">
<continue>
<status status="PASS" starttime="20230704 14:27:45.273" endtime="20230704 14:27:45.273"/>
</continue>
<status status="PASS" starttime="20230704 14:27:45.273" endtime="20230704 14:27:45.273"/>
</branch>
<branch type="ELSE">
<kw name="Fail" library="BuiltIn">
<doc>Fails the test with the given message and optionally alters its tags.</doc>
<status status="NOT RUN" starttime="20230704 14:27:45.273" endtime="20230704 14:27:45.273"/>
</kw>
<status status="NOT RUN" starttime="20230704 14:27:45.273" endtime="20230704 14:27:45.273"/>
</branch>
<status status="PASS" starttime="20230704 14:27:45.273" endtime="20230704 14:27:45.273"/>
</if>
<status status="PASS" starttime="20230704 14:27:45.272" endtime="20230704 14:27:45.273"/>
</iter>
<status status="PASS" starttime="20230704 14:27:45.263" endtime="20230704 14:27:45.273"/>
</for>
<status status="PASS" starttime="20230704 14:27:41.931" endtime="20230704 14:27:45.273"/>
</kw>
<status status="PASS" starttime="20230704 14:27:30.356" endtime="20230704 14:27:45.273"/>
</test>
<kw name="Close Browser" library="SeleniumLibrary" type="TEARDOWN">
<doc>Closes the current browser.</doc>
<status status="PASS" starttime="20230704 14:27:45.274" endtime="20230704 14:27:47.349"/>
</kw>
<doc>Auto1/QA Task</doc>
<status status="PASS" starttime="20230704 14:27:28.999" endtime="20230704 14:27:47.349"/>
</suite>
<statistics>
<total>
<stat pass="1" fail="0" skip="0">All Tests</stat>
</total>
<tag>
</tag>
<suite>
<stat pass="1" fail="0" skip="0" id="s1" name="TestCases">TestCases</stat>
</suite>
</statistics>
<errors>
<msg timestamp="20230704 14:27:29.130" level="ERROR">Error in file 'C:\koodi\Github\RFWithAzureDevops\RF-exercise-with-azure-pipelines\TestCases.robot' on line 5: Importing library 'helpers.HelpLib' failed: ModuleNotFoundError: No module named 'helpers'
Traceback (most recent call last):
  None
PYTHONPATH:
  C:\Users\juhok\AppData\Local\Programs\Python\Python310\Scripts\robot.exe
  C:\Users\juhok\AppData\Local\Programs\Python\Python310\python310.zip
  C:\Users\juhok\AppData\Local\Programs\Python\Python310\DLLs
  C:\Users\juhok\AppData\Local\Programs\Python\Python310\lib
  C:\Users\juhok\AppData\Local\Programs\Python\Python310
  C:\Users\juhok\AppData\Local\Programs\Python\Python310\lib\site-packages</msg>
</errors>
</robot>
