<?xml version="1.0" encoding="UTF-8"?>
<robot generator="Robot 6.0.2 (Python 3.10.7 on win32)" generated="20230704 13:41:43.914" rpa="false" schemaversion="3">
<suite id="s1" name="TestCases" source="C:\koodi\Github\RFWithAzureDevops\RF-exercise-with-azure-pipelines\TestCases.robot">
<kw name="Open URL Locally" type="SETUP">
<kw name="Create Webdriver" library="SeleniumLibrary">
<arg>Chrome</arg>
<arg>executable_path=D:/a/1/s/node_modules/chromedriver/lib/chromedriver/chromedriver.exe</arg>
<doc>Creates an instance of Selenium WebDriver.</doc>
<msg timestamp="20230704 13:41:44.049" level="INFO">Creating an instance of the Chrome WebDriver.</msg>
<status status="PASS" starttime="20230704 13:41:44.049" endtime="20230704 13:41:45.157"/>
</kw>
<kw name="Maximize Browser Window" library="SeleniumLibrary">
<doc>Maximizes current browser window.</doc>
<status status="PASS" starttime="20230704 13:41:45.158" endtime="20230704 13:41:45.264"/>
</kw>
<status status="PASS" starttime="20230704 13:41:44.049" endtime="20230704 13:41:45.264"/>
</kw>
<test id="s1-t1" name="TC1 - Check Filters on Advanced Searh Page" line="12">
<kw name="Given Open URL AutoHero">
<kw name="Go To" library="SeleniumLibrary">
<arg>https://www.autohero.com/</arg>
<doc>Navigates the current browser window to the provided ``url``.</doc>
<msg timestamp="20230704 13:41:45.267" level="INFO">Opening url 'https://www.autohero.com/'</msg>
<status status="PASS" starttime="20230704 13:41:45.267" endtime="20230704 13:41:46.436"/>
</kw>
<status status="PASS" starttime="20230704 13:41:45.265" endtime="20230704 13:41:46.436"/>
</kw>
<kw name="And User Accepts Cookies">
<kw name="Sleep" library="BuiltIn">
<arg>2s</arg>
<doc>Pauses the test executed for the given time.</doc>
<msg timestamp="20230704 13:41:48.438" level="INFO">Slept 2 seconds</msg>
<status status="PASS" starttime="20230704 13:41:46.437" endtime="20230704 13:41:48.438"/>
</kw>
<kw name="Click Element" library="SeleniumLibrary">
<arg>//button[contains(text(),'Alles akzeptieren')]</arg>
<doc>Click the element identified by ``locator``.</doc>
<msg timestamp="20230704 13:41:48.442" level="INFO">Clicking element '//button[contains(text(),'Alles akzeptieren')]'.</msg>
<status status="PASS" starttime="20230704 13:41:48.439" endtime="20230704 13:41:48.566"/>
</kw>
<status status="PASS" starttime="20230704 13:41:46.437" endtime="20230704 13:41:48.567"/>
</kw>
<kw name="And User is on Advanced Search Page">
<kw name="Sleep" library="BuiltIn">
<arg>2s</arg>
<doc>Pauses the test executed for the given time.</doc>
<msg timestamp="20230704 13:41:50.568" level="INFO">Slept 2 seconds</msg>
<status status="PASS" starttime="20230704 13:41:48.567" endtime="20230704 13:41:50.568"/>
</kw>
<kw name="Click Element" library="SeleniumLibrary">
<arg>//a[contains(text(),'Finde dein Auto')]</arg>
<doc>Click the element identified by ``locator``.</doc>
<msg timestamp="20230704 13:41:50.568" level="INFO">Clicking element '//a[contains(text(),'Finde dein Auto')]'.</msg>
<status status="PASS" starttime="20230704 13:41:50.568" endtime="20230704 13:41:51.732"/>
</kw>
<kw name="Wait Until Element Is Visible" library="SeleniumLibrary">
<arg>//button[@id='yearFilter']</arg>
<doc>Waits until the element ``locator`` is visible.</doc>
<status status="PASS" starttime="20230704 13:41:51.732" endtime="20230704 13:41:51.752"/>
</kw>
<status status="PASS" starttime="20230704 13:41:48.567" endtime="20230704 13:41:51.753"/>
</kw>
<kw name="When User Select Filter for First registration">
<kw name="Click Element" library="SeleniumLibrary">
<arg>//button[@id='yearFilter']</arg>
<doc>Click the element identified by ``locator``.</doc>
<msg timestamp="20230704 13:41:51.754" level="INFO">Clicking element '//button[@id='yearFilter']'.</msg>
<status status="PASS" starttime="20230704 13:41:51.753" endtime="20230704 13:41:51.908"/>
</kw>
<kw name="Sleep" library="BuiltIn">
<arg>2s</arg>
<doc>Pauses the test executed for the given time.</doc>
<msg timestamp="20230704 13:41:53.909" level="INFO">Slept 2 seconds</msg>
<status status="PASS" starttime="20230704 13:41:51.909" endtime="20230704 13:41:53.909"/>
</kw>
<kw name="Click Element" library="SeleniumLibrary">
<arg>//select[@id='rangeStart']/*[text()='2014']</arg>
<doc>Click the element identified by ``locator``.</doc>
<msg timestamp="20230704 13:41:53.910" level="INFO">Clicking element '//select[@id='rangeStart']/*[text()='2014']'.</msg>
<status status="PASS" starttime="20230704 13:41:53.909" endtime="20230704 13:41:54.016"/>
</kw>
<kw name="Sleep" library="BuiltIn">
<arg>3s</arg>
<doc>Pauses the test executed for the given time.</doc>
<msg timestamp="20230704 13:41:57.017" level="INFO">Slept 3 seconds</msg>
<status status="PASS" starttime="20230704 13:41:54.016" endtime="20230704 13:41:57.017"/>
</kw>
<status status="PASS" starttime="20230704 13:41:51.753" endtime="20230704 13:41:57.018"/>
</kw>
<kw name="And User Select Filter for Price Decsending">
<kw name="Wait Until Element Is Visible" library="SeleniumLibrary">
<arg>//select[contains(@name,'sort')]</arg>
<doc>Waits until the element ``locator`` is visible.</doc>
<msg timestamp="20230704 13:42:02.446" level="INFO" html="true">&lt;/td&gt;&lt;/tr&gt;&lt;tr&gt;&lt;td colspan="3"&gt;&lt;a href="selenium-screenshot-11.png"&gt;&lt;img src="selenium-screenshot-11.png" width="800px"&gt;&lt;/a&gt;</msg>
<msg timestamp="20230704 13:42:02.446" level="FAIL">Element '//select[contains(@name,'sort')]' not visible after 5 seconds.</msg>
<status status="FAIL" starttime="20230704 13:41:57.021" endtime="20230704 13:42:02.447"/>
</kw>
<kw name="Click Element" library="SeleniumLibrary">
<arg>//select[contains(@name,'sort')]</arg>
<doc>Click the element identified by ``locator``.</doc>
<status status="NOT RUN" starttime="20230704 13:42:02.447" endtime="20230704 13:42:02.447"/>
</kw>
<kw name="Sleep" library="BuiltIn">
<arg>2s</arg>
<doc>Pauses the test executed for the given time.</doc>
<status status="NOT RUN" starttime="20230704 13:42:02.447" endtime="20230704 13:42:02.447"/>
</kw>
<kw name="Click Element" library="SeleniumLibrary">
<arg>//*[text()='Höchster Preis']</arg>
<doc>Click the element identified by ``locator``.</doc>
<status status="NOT RUN" starttime="20230704 13:42:02.447" endtime="20230704 13:42:02.447"/>
</kw>
<status status="FAIL" starttime="20230704 13:41:57.020" endtime="20230704 13:42:02.447"/>
</kw>
<kw name="Then Verify all cars are filtered by First Registration">
<status status="NOT RUN" starttime="20230704 13:42:02.447" endtime="20230704 13:42:02.447"/>
</kw>
<kw name="And Verify all Cars are Filtered By Price Descending">
<status status="NOT RUN" starttime="20230704 13:42:02.448" endtime="20230704 13:42:02.448"/>
</kw>
<status status="FAIL" starttime="20230704 13:41:45.264" endtime="20230704 13:42:02.448">Element '//select[contains(@name,'sort')]' not visible after 5 seconds.</status>
</test>
<kw name="Close Browser" library="SeleniumLibrary" type="TEARDOWN">
<doc>Closes the current browser.</doc>
<status status="PASS" starttime="20230704 13:42:02.449" endtime="20230704 13:42:04.517"/>
</kw>
<doc>Auto1/QA Task</doc>
<status status="FAIL" starttime="20230704 13:41:43.915" endtime="20230704 13:42:04.517"/>
</suite>
<statistics>
<total>
<stat pass="0" fail="1" skip="0">All Tests</stat>
</total>
<tag>
</tag>
<suite>
<stat pass="0" fail="1" skip="0" id="s1" name="TestCases">TestCases</stat>
</suite>
</statistics>
<errors>
<msg timestamp="20230704 13:41:44.043" level="ERROR">Error in file 'C:\koodi\Github\RFWithAzureDevops\RF-exercise-with-azure-pipelines\TestCases.robot' on line 5: Importing library 'helpers.HelpLib' failed: ModuleNotFoundError: No module named 'helpers'
Traceback (most recent call last):
  None
PYTHONPATH:
  C:\Users\juhok\AppData\Local\Programs\Python\Python310\Scripts\robot.exe
  C:\Users\juhok\AppData\Local\Programs\Python\Python310\python310.zip
  C:\Users\juhok\AppData\Local\Programs\Python\Python310\DLLs
  C:\Users\juhok\AppData\Local\Programs\Python\Python310\lib
  C:\Users\juhok\AppData\Local\Programs\Python\Python310
  C:\Users\juhok\AppData\Local\Programs\Python\Python310\lib\site-packages</msg>
</errors>
</robot>
